Looking for git in: git
Using git 2.25.1 from git
> git rev-parse --git-dir
Open repository: /home/tsubase/vsProjects/webflow_library
> git status -z -u
> git symbolic-ref --short HEAD
> git for-each-ref --format=%(refname)%00%(upstream:short)%00%(upstream:track)%00%(objectname) refs/heads/master refs/remotes/master
> git for-each-ref --sort -committerdate --format %(refname) %(objectname) %(*objectname)
> git remote --verbose
Warning: Failed to watch ref '/home/tsubase/vsProjects/webflow_library/.git/refs/remotes/origin/master', is most likely packed.
> git config --get commit.template
> git check-ignore -v -z --stdin
> git check-ignore -v -z --stdin
> git check-ignore -v -z --stdin
> git check-ignore -v -z --stdin
> git check-ignore -v -z --stdin
> git show --textconv :dev/pages/challenges/team_profile/index.js
> git ls-files --stage -- /home/tsubase/vsProjects/webflow_library/dev/pages/challenges/team_profile/index.js
> git cat-file -s bcec78df6e8f9b4c710c4fc15b57878eff12a139
> git log --format=%H%n%aN%n%aE%n%at%n%ct%n%P%n%B -z -n21 -- /home/tsubase/vsProjects/webflow_library/dev/pages/challenges/team_profile/index.js
> git log --format=%H%n%aN%n%aE%n%at%n%ct%n%P%n%B -z -n41 -- /home/tsubase/vsProjects/webflow_library/dev/pages/challenges/team_profile/index.js
> git status -z -u
> git symbolic-ref --short HEAD
> git for-each-ref --format=%(refname)%00%(upstream:short)%00%(upstream:track)%00%(objectname) refs/heads/master refs/remotes/master
> git for-each-ref --sort -committerdate --format %(refname) %(objectname) %(*objectname)
> git remote --verbose
Warning: Failed to watch ref '/home/tsubase/vsProjects/webflow_library/.git/refs/remotes/origin/master', is most likely packed.
> git config --get commit.template
> git show --textconv :dev/pages/challenges/team_profile/navigation.js
> git ls-files --stage -- /home/tsubase/vsProjects/webflow_library/dev/pages/challenges/team_profile/navigation.js
> git check-ignore -v -z --stdin
> git status -z -u
> git symbolic-ref --short HEAD
> git for-each-ref --format=%(refname)%00%(upstream:short)%00%(upstream:track)%00%(objectname) refs/heads/master refs/remotes/master
> git for-each-ref --sort -committerdate --format %(refname) %(objectname) %(*objectname)
> git remote --verbose
Warning: Failed to watch ref '/home/tsubase/vsProjects/webflow_library/.git/refs/remotes/origin/master', is most likely packed.
> git config --get commit.template
> git show --textconv :dev/pages/challenges/team_profile/upload_files.js
> git ls-files --stage -- /home/tsubase/vsProjects/webflow_library/dev/pages/challenges/team_profile/upload_files.js
> git cat-file -s 84cfb4421041f6f6708598af17c326fdc522a8c8
