[2021-02-17 11:43:21.780] [exthost] [info] extension host started
[2021-02-17 11:43:21.846] [exthost] [info] ExtensionService#_doActivateExtension vscode.microsoft-authentication {"startup":false,"extensionId":{"value":"vscode.microsoft-authentication","_lower":"vscode.microsoft-authentication"},"activationEvent":"onAuthenticationRequest:microsoft"}
[2021-02-17 11:43:21.846] [exthost] [info] ExtensionService#loadCommonJSModule file:///snap/code/55/usr/share/code/resources/app/extensions/microsoft-authentication/dist/extension.js
[2021-02-17 11:43:21.854] [exthost] [info] ExtensionService#_doActivateExtension vscode.debug-auto-launch {"startup":true,"extensionId":{"value":"vscode.debug-auto-launch","_lower":"vscode.debug-auto-launch"},"activationEvent":"*"}
[2021-02-17 11:43:21.854] [exthost] [info] ExtensionService#loadCommonJSModule file:///snap/code/55/usr/share/code/resources/app/extensions/debug-auto-launch/dist/extension
[2021-02-17 11:43:21.856] [exthost] [info] ExtensionService#_doActivateExtension vscode.git {"startup":true,"extensionId":{"value":"vscode.github","_lower":"vscode.github"},"activationEvent":"*"}
[2021-02-17 11:43:21.856] [exthost] [info] ExtensionService#loadCommonJSModule file:///snap/code/55/usr/share/code/resources/app/extensions/git/dist/main
[2021-02-17 11:43:21.931] [exthost] [info] ExtensionService#_doActivateExtension vscode.github {"startup":true,"extensionId":{"value":"vscode.github","_lower":"vscode.github"},"activationEvent":"*"}
[2021-02-17 11:43:21.931] [exthost] [info] ExtensionService#loadCommonJSModule file:///snap/code/55/usr/share/code/resources/app/extensions/github/dist/extension.js
[2021-02-17 11:43:21.974] [exthost] [info] ExtensionService#_doActivateExtension ms-vscode.js-debug {"startup":false,"extensionId":{"value":"ms-vscode.js-debug","_lower":"ms-vscode.js-debug"},"activationEvent":"onCommand:extension.js-debug.clearAutoAttachVariables"}
[2021-02-17 11:43:21.974] [exthost] [info] ExtensionService#loadCommonJSModule file:///snap/code/55/usr/share/code/resources/app/extensions/ms-vscode.js-debug/src/extension.js
[2021-02-17 11:43:22.101] [exthost] [info] eager extensions activated
[2021-02-17 11:43:22.131] [exthost] [info] ExtensionService#_doActivateExtension vscode.emmet {"startup":false,"extensionId":{"value":"vscode.emmet","_lower":"vscode.emmet"},"activationEvent":"onStartupFinished"}
[2021-02-17 11:43:22.131] [exthost] [info] ExtensionService#loadCommonJSModule file:///snap/code/55/usr/share/code/resources/app/extensions/emmet/dist/node/emmetNodeMain
[2021-02-17 11:43:22.135] [exthost] [info] ExtensionService#_doActivateExtension vscode.merge-conflict {"startup":false,"extensionId":{"value":"vscode.merge-conflict","_lower":"vscode.merge-conflict"},"activationEvent":"onStartupFinished"}
[2021-02-17 11:43:22.135] [exthost] [info] ExtensionService#loadCommonJSModule file:///snap/code/55/usr/share/code/resources/app/extensions/merge-conflict/dist/mergeConflictMain
[2021-02-17 11:43:22.137] [exthost] [info] ExtensionService#_doActivateExtension vscode.testing-editor-contributions {"startup":false,"extensionId":{"value":"vscode.testing-editor-contributions","_lower":"vscode.testing-editor-contributions"},"activationEvent":"onStartupFinished"}
[2021-02-17 11:43:22.137] [exthost] [info] ExtensionService#loadCommonJSModule file:///snap/code/55/usr/share/code/resources/app/extensions/testing-editor-contributions/dist/extension.js
[2021-02-17 11:43:22.150] [exthost] [info] ExtensionService#_doActivateExtension vscode.github-authentication {"startup":false,"extensionId":{"value":"vscode.github-authentication","_lower":"vscode.github-authentication"},"activationEvent":"onAuthenticationRequest:github"}
[2021-02-17 11:43:22.150] [exthost] [info] ExtensionService#loadCommonJSModule file:///snap/code/55/usr/share/code/resources/app/extensions/github-authentication/dist/extension.js
[2021-02-17 11:43:32.248] [exthost] [info] extension host terminating: received terminate message from renderer
[2021-02-17 11:43:33.254] [exthost] [info] exiting with code 0
[2021-02-17 11:43:33.808] [exthost] [info] extension host started
[2021-02-17 11:43:33.833] [exthost] [info] ExtensionService#_doActivateExtension vscode.microsoft-authentication {"startup":false,"extensionId":{"value":"vscode.microsoft-authentication","_lower":"vscode.microsoft-authentication"},"activationEvent":"onAuthenticationRequest:microsoft"}
[2021-02-17 11:43:33.833] [exthost] [info] ExtensionService#loadCommonJSModule file:///snap/code/55/usr/share/code/resources/app/extensions/microsoft-authentication/dist/extension.js
[2021-02-17 11:43:33.839] [exthost] [info] ExtensionService#_doActivateExtension vscode.debug-auto-launch {"startup":true,"extensionId":{"value":"vscode.debug-auto-launch","_lower":"vscode.debug-auto-launch"},"activationEvent":"*"}
[2021-02-17 11:43:33.839] [exthost] [info] ExtensionService#loadCommonJSModule file:///snap/code/55/usr/share/code/resources/app/extensions/debug-auto-launch/dist/extension
[2021-02-17 11:43:33.841] [exthost] [info] ExtensionService#_doActivateExtension vscode.git {"startup":true,"extensionId":{"value":"vscode.github","_lower":"vscode.github"},"activationEvent":"*"}
[2021-02-17 11:43:33.841] [exthost] [info] ExtensionService#loadCommonJSModule file:///snap/code/55/usr/share/code/resources/app/extensions/git/dist/main
[2021-02-17 11:43:33.929] [exthost] [info] ExtensionService#_doActivateExtension vscode.github {"startup":true,"extensionId":{"value":"vscode.github","_lower":"vscode.github"},"activationEvent":"*"}
[2021-02-17 11:43:33.929] [exthost] [info] ExtensionService#loadCommonJSModule file:///snap/code/55/usr/share/code/resources/app/extensions/github/dist/extension.js
[2021-02-17 11:43:33.932] [exthost] [info] ExtensionService#_doActivateExtension ms-vscode.js-debug {"startup":false,"extensionId":{"value":"ms-vscode.js-debug","_lower":"ms-vscode.js-debug"},"activationEvent":"onCommand:extension.js-debug.clearAutoAttachVariables"}
[2021-02-17 11:43:33.932] [exthost] [info] ExtensionService#loadCommonJSModule file:///snap/code/55/usr/share/code/resources/app/extensions/ms-vscode.js-debug/src/extension.js
[2021-02-17 11:43:34.005] [exthost] [info] eager extensions activated
[2021-02-17 11:43:34.023] [exthost] [info] ExtensionService#_doActivateExtension vscode.emmet {"startup":false,"extensionId":{"value":"vscode.emmet","_lower":"vscode.emmet"},"activationEvent":"onStartupFinished"}
[2021-02-17 11:43:34.023] [exthost] [info] ExtensionService#loadCommonJSModule file:///snap/code/55/usr/share/code/resources/app/extensions/emmet/dist/node/emmetNodeMain
[2021-02-17 11:43:34.029] [exthost] [info] ExtensionService#_doActivateExtension vscode.merge-conflict {"startup":false,"extensionId":{"value":"vscode.merge-conflict","_lower":"vscode.merge-conflict"},"activationEvent":"onStartupFinished"}
[2021-02-17 11:43:34.029] [exthost] [info] ExtensionService#loadCommonJSModule file:///snap/code/55/usr/share/code/resources/app/extensions/merge-conflict/dist/mergeConflictMain
[2021-02-17 11:43:34.031] [exthost] [info] ExtensionService#_doActivateExtension vscode.testing-editor-contributions {"startup":false,"extensionId":{"value":"vscode.testing-editor-contributions","_lower":"vscode.testing-editor-contributions"},"activationEvent":"onStartupFinished"}
[2021-02-17 11:43:34.031] [exthost] [info] ExtensionService#loadCommonJSModule file:///snap/code/55/usr/share/code/resources/app/extensions/testing-editor-contributions/dist/extension.js
[2021-02-17 11:43:34.047] [exthost] [info] ExtensionService#_doActivateExtension vscode.github-authentication {"startup":false,"extensionId":{"value":"vscode.github-authentication","_lower":"vscode.github-authentication"},"activationEvent":"onAuthenticationRequest:github"}
[2021-02-17 11:43:34.047] [exthost] [info] ExtensionService#loadCommonJSModule file:///snap/code/55/usr/share/code/resources/app/extensions/github-authentication/dist/extension.js
[2021-02-17 11:46:37.032] [exthost] [info] ExtensionService#_doActivateExtension vscode.typescript-language-features {"startup":false,"extensionId":{"value":"vscode.typescript-language-features","_lower":"vscode.typescript-language-features"},"activationEvent":"onLanguage:javascript"}
[2021-02-17 11:46:37.032] [exthost] [info] ExtensionService#loadCommonJSModule file:///snap/code/55/usr/share/code/resources/app/extensions/typescript-language-features/dist/extension
[2021-02-17 11:50:51.007] [exthost] [info] ExtensionService#_doActivateExtension vscode.extension-editing {"startup":false,"extensionId":{"value":"vscode.extension-editing","_lower":"vscode.extension-editing"},"activationEvent":"onLanguage:typescript"}
[2021-02-17 11:50:51.007] [exthost] [info] ExtensionService#loadCommonJSModule file:///snap/code/55/usr/share/code/resources/app/extensions/extension-editing/dist/extensionEditingMain
