[2021-02-25 09:03:12.444] [renderer1] [error] [File Watcher (node.js)] Error: ENOENT: no such file or directory, stat '/home/tsubase/vsProjects/webflow_library/.vscode'
[2021-02-25 09:03:20.008] [renderer1] [warning] UNRESPONSIVE extension host, 'vscode.merge-conflict' took 100% of 54.593ms, saved PROFILE here: '/tmp/exthost-2133ee.cpuprofile' [{"id":"vscode.merge-conflict","total":54420,"percentage":100}]
[2021-02-25 18:54:27.031] [renderer1] [error] <syntax> TypeScript Server Error (4.1.5)
Debug Failure. False expression: Expected line to be non-zero
Error: Debug Failure. False expression: Expected line to be non-zero
    at failIfInvalidLocation (/snap/code/55/usr/share/code/resources/app/extensions/node_modules/typescript/lib/tsserver.js:150570:22)
    at ScriptInfo.positionToLineOffset (/snap/code/55/usr/share/code/resources/app/extensions/node_modules/typescript/lib/tsserver.js:150537:17)
    at toProtocolTextSpan (/snap/code/55/usr/share/code/resources/app/extensions/node_modules/typescript/lib/tsserver.js:158360:35)
    at /snap/code/55/usr/share/code/resources/app/extensions/node_modules/typescript/lib/tsserver.js:157833:68
    at Array.map (<anonymous>)
    at IOSession.Session.toLocationNavigationTree (/snap/code/55/usr/share/code/resources/app/extensions/node_modules/typescript/lib/tsserver.js:157833:39)
    at IOSession.Session.getNavigationTree (/snap/code/55/usr/share/code/resources/app/extensions/node_modules/typescript/lib/tsserver.js:157844:32)
    at Session.handlers.ts.Map.ts.getEntries._a.<computed> (/snap/code/55/usr/share/code/resources/app/extensions/node_modules/typescript/lib/tsserver.js:156634:61)
    at /snap/code/55/usr/share/code/resources/app/extensions/node_modules/typescript/lib/tsserver.js:158286:88
    at IOSession.Session.executeWithRequestId (/snap/code/55/usr/share/code/resources/app/extensions/node_modules/typescript/lib/tsserver.js:158277:28)
    at IOSession.Session.executeCommand (/snap/code/55/usr/share/code/resources/app/extensions/node_modules/typescript/lib/tsserver.js:158286:33)
    at IOSession.Session.onMessage (/snap/code/55/usr/share/code/resources/app/extensions/node_modules/typescript/lib/tsserver.js:158310:35)
    at Interface.<anonymous> (/snap/code/55/usr/share/code/resources/app/extensions/node_modules/typescript/lib/tsserver.js:160520:27)
    at Interface.emit (events.js:315:20)
    at Interface._onLine (readline.js:329:10)
    at Interface._normalWrite (readline.js:474:12)
    at Socket.ondata (readline.js:186:10)
    at Socket.emit (events.js:315:20)
    at addChunk (_stream_readable.js:295:12)
    at readableAddChunk (_stream_readable.js:271:9)
    at Socket.Readable.push (_stream_readable.js:212:10)
    at Pipe.onStreamRead (internal/stream_base_commons.js:186:23): Error: <syntax> TypeScript Server Error (4.1.5)
Debug Failure. False expression: Expected line to be non-zero
Error: Debug Failure. False expression: Expected line to be non-zero
    at failIfInvalidLocation (/snap/code/55/usr/share/code/resources/app/extensions/node_modules/typescript/lib/tsserver.js:150570:22)
    at ScriptInfo.positionToLineOffset (/snap/code/55/usr/share/code/resources/app/extensions/node_modules/typescript/lib/tsserver.js:150537:17)
    at toProtocolTextSpan (/snap/code/55/usr/share/code/resources/app/extensions/node_modules/typescript/lib/tsserver.js:158360:35)
    at /snap/code/55/usr/share/code/resources/app/extensions/node_modules/typescript/lib/tsserver.js:157833:68
    at Array.map (<anonymous>)
    at IOSession.Session.toLocationNavigationTree (/snap/code/55/usr/share/code/resources/app/extensions/node_modules/typescript/lib/tsserver.js:157833:39)
    at IOSession.Session.getNavigationTree (/snap/code/55/usr/share/code/resources/app/extensions/node_modules/typescript/lib/tsserver.js:157844:32)
    at Session.handlers.ts.Map.ts.getEntries._a.<computed> (/snap/code/55/usr/share/code/resources/app/extensions/node_modules/typescript/lib/tsserver.js:156634:61)
    at /snap/code/55/usr/share/code/resources/app/extensions/node_modules/typescript/lib/tsserver.js:158286:88
    at IOSession.Session.executeWithRequestId (/snap/code/55/usr/share/code/resources/app/extensions/node_modules/typescript/lib/tsserver.js:158277:28)
    at IOSession.Session.executeCommand (/snap/code/55/usr/share/code/resources/app/extensions/node_modules/typescript/lib/tsserver.js:158286:33)
    at IOSession.Session.onMessage (/snap/code/55/usr/share/code/resources/app/extensions/node_modules/typescript/lib/tsserver.js:158310:35)
    at Interface.<anonymous> (/snap/code/55/usr/share/code/resources/app/extensions/node_modules/typescript/lib/tsserver.js:160520:27)
    at Interface.emit (events.js:315:20)
    at Interface._onLine (readline.js:329:10)
    at Interface._normalWrite (readline.js:474:12)
    at Socket.ondata (readline.js:186:10)
    at Socket.emit (events.js:315:20)
    at addChunk (_stream_readable.js:295:12)
    at readableAddChunk (_stream_readable.js:271:9)
    at Socket.Readable.push (_stream_readable.js:212:10)
    at Pipe.onStreamRead (internal/stream_base_commons.js:186:23)
	at Function.create (/snap/code/55/usr/share/code/resources/app/extensions/typescript-language-features/dist/extension.js:1:73508)
	at dispatchResponse (/snap/code/55/usr/share/code/resources/app/extensions/typescript-language-features/dist/extension.js:1:67383)
	at dispatchMessage (/snap/code/55/usr/share/code/resources/app/extensions/typescript-language-features/dist/extension.js:1:66242)
	at /snap/code/55/usr/share/code/resources/app/extensions/typescript-language-features/dist/extension.js:1:65752
	at v.fire (/snap/code/55/usr/share/code/resources/app/out/vs/workbench/services/extensions/node/extensionHostProcess.js:55:1836)
	at g.onLengthData (/snap/code/55/usr/share/code/resources/app/extensions/typescript-language-features/dist/extension.js:45:60030)
	at Socket.<anonymous> (/snap/code/55/usr/share/code/resources/app/extensions/typescript-language-features/dist/extension.js:45:59678)
	at Socket.emit (events.js:315:20)
	at addChunk (_stream_readable.js:295:12)
	at readableAddChunk (_stream_readable.js:271:9)
	at Socket.Readable.push (_stream_readable.js:212:10)
	at Pipe.onStreamRead (internal/stream_base_commons.js:186:23)
