2021-03-06 02:18:35,244 DEBUG    root            Running [gcloud] with arguments: [-v: "None"]
2021-03-06 02:18:35,245 DEBUG    root            Loaded Command Group: ['gcloud', 'version']
2021-03-06 02:18:35,247 DEBUG    root            Running [gcloud.version] with arguments: []
2021-03-06 02:18:35,251 INFO     root            Display format: "flattened[no-pad,separator=" "]"
2021-03-06 02:18:35,298 INFO     ___FILE_ONLY___ Google Cloud SDK
2021-03-06 02:18:35,298 INFO     ___FILE_ONLY___  
2021-03-06 02:18:35,298 INFO     ___FILE_ONLY___ 327.0.0

2021-03-06 02:18:35,298 INFO     ___FILE_ONLY___ alpha
2021-03-06 02:18:35,299 INFO     ___FILE_ONLY___  
2021-03-06 02:18:35,299 INFO     ___FILE_ONLY___ 2021.02.05

2021-03-06 02:18:35,299 INFO     ___FILE_ONLY___ beta
2021-03-06 02:18:35,299 INFO     ___FILE_ONLY___  
2021-03-06 02:18:35,299 INFO     ___FILE_ONLY___ 2021.02.05

2021-03-06 02:18:35,299 INFO     ___FILE_ONLY___ bq
2021-03-06 02:18:35,299 INFO     ___FILE_ONLY___  
2021-03-06 02:18:35,299 INFO     ___FILE_ONLY___ 2.0.64

2021-03-06 02:18:35,299 INFO     ___FILE_ONLY___ core
2021-03-06 02:18:35,299 INFO     ___FILE_ONLY___  
2021-03-06 02:18:35,299 INFO     ___FILE_ONLY___ 2021.02.05

2021-03-06 02:18:35,299 INFO     ___FILE_ONLY___ gsutil
2021-03-06 02:18:35,299 INFO     ___FILE_ONLY___  
2021-03-06 02:18:35,299 INFO     ___FILE_ONLY___ 4.58

2021-03-06 02:18:35,299 DEBUG    root            SDK update checks are disabled.
2021-03-06 02:18:35,301 INFO     ___FILE_ONLY___ 

To take a quick anonymous survey, run:
  $ gcloud survey


