User belongs to experiment group 'ShowPlayIcon - start'
User belongs to experiment group 'DebugAdapterFactory - experiment'
User belongs to experiment group 'PtvsdWheels37 - experiment'
User belongs to experiment group 'UseTerminalToGetActivatedEnvVars - control'
User belongs to experiment group 'LocalZMQKernel - experiment'
User belongs to experiment group 'CollectLSRequestTiming - control'
User belongs to experiment group 'CollectNodeLSRequestTiming - experiment'
User belongs to experiment group 'EnableIPyWidgets - experiment'
User belongs to experiment group 'DeprecatePythonPath - experiment'
User belongs to experiment group 'RunByLine - control'
User belongs to experiment group 'CustomEditorSupport - control'
User belongs to experiment group 'pythonaa'
> conda --version
> pyenv root
> python3.7 ~/.vscode/extensions/ms-python.python-2021.1.502429796/pythonFiles/pyvsc-run-isolated.py -c "import sys;print(sys.executable)"
> python3.6 ~/.vscode/extensions/ms-python.python-2021.1.502429796/pythonFiles/pyvsc-run-isolated.py -c "import sys;print(sys.executable)"
> python3 ~/.vscode/extensions/ms-python.python-2021.1.502429796/pythonFiles/pyvsc-run-isolated.py -c "import sys;print(sys.executable)"
> python2 ~/.vscode/extensions/ms-python.python-2021.1.502429796/pythonFiles/pyvsc-run-isolated.py -c "import sys;print(sys.executable)"
> python ~/.vscode/extensions/ms-python.python-2021.1.502429796/pythonFiles/pyvsc-run-isolated.py -c "import sys;print(sys.executable)"
> python ~/.vscode/extensions/ms-python.python-2021.1.502429796/pythonFiles/pyvsc-run-isolated.py -c "import sys;print(sys.executable)"
> conda info --json
> python ~/.vscode/extensions/ms-python.python-2021.1.502429796/pythonFiles/pyvsc-run-isolated.py -c "import sys;print(sys.executable)"
> python ~/.vscode/extensions/ms-python.python-2021.1.502429796/pythonFiles/pyvsc-run-isolated.py -c "import sys;print(sys.executable)"
> python ~/.vscode/extensions/ms-python.python-2021.1.502429796/pythonFiles/pyvsc-run-isolated.py -c "import sys;print(sys.executable)"
> python ~/.vscode/extensions/ms-python.python-2021.1.502429796/pythonFiles/pyvsc-run-isolated.py -c "import sys;print(sys.executable)"
Error 2021-02-16 12:14:10: Failed to check if file needs to be fixed [EntryNotFound (FileSystemError): Unable to read file '/home/tsubase/pythonProjects/.vscode/settings.json' (Error: Unable to resolve non-existing file '/home/tsubase/pythonProjects/.vscode/settings.json')
	at _handleError (/snap/code/55/usr/share/code/resources/app/out/vs/workbench/services/extensions/node/extensionHostProcess.js:86:136165)
	at processTicksAndRejections (internal/process/task_queues.js:97:5)
	at async y.readText (/home/tsubase/.vscode/extensions/ms-python.python-2021.1.502429796/out/client/extension.js:9:344778)
	at async p.doesFileNeedToBeFixed (/home/tsubase/.vscode/extensions/ms-python.python-2021.1.502429796/out/client/extension.js:59:500280)
	at async /home/tsubase/.vscode/extensions/ms-python.python-2021.1.502429796/out/client/extension.js:59:499407
	at async Promise.all (index 1)
	at async p.getFilesToBeFixed (/home/tsubase/.vscode/extensions/ms-python.python-2021.1.502429796/out/client/extension.js:59:499353)
	at async p.updateTestSettings (/home/tsubase/.vscode/extensions/ms-python.python-2021.1.502429796/out/client/extension.js:59:498980)] {
  code: 'FileNotFound'
}
Python interpreter path: /usr/bin/python3
Starting Jedi Python language engine.
Starting Jedi Python language engine.
> pyenv root
> pyenv root
> pyenv root
> conda --version
