Looking for git in: git
Using git 2.25.1 from git
> git rev-parse --git-dir
Open repository: /home/tsubase/vsProjects/webflow_library
> git status -z -u
> git symbolic-ref --short HEAD
> git for-each-ref --format=%(refname)%00%(upstream:short)%00%(upstream:track)%00%(objectname) refs/heads/master refs/remotes/master
> git for-each-ref --sort -committerdate --format %(refname) %(objectname) %(*objectname)
> git remote --verbose
Warning: Failed to watch ref '/home/tsubase/vsProjects/webflow_library/.git/refs/remotes/origin/master', is most likely packed.
> git config --get commit.template
> git show --textconv :dev/pages/challenges/team_profile/upload_files.js
> git ls-files --stage -- /home/tsubase/vsProjects/webflow_library/dev/pages/challenges/team_profile/upload_files.js
> git check-ignore -v -z --stdin
> git cat-file -s 84cfb4421041f6f6708598af17c326fdc522a8c8
> git check-ignore -v -z --stdin
> git show --textconv :dev/pages/consultations/consultations_index.js
> git ls-files --stage -- /home/tsubase/vsProjects/webflow_library/dev/pages/consultations/consultations_index.js
> git cat-file -s d793fff5a42475387d607de52fd9b8661fa52222
> git status -z -u
> git symbolic-ref --short HEAD
> git for-each-ref --format=%(refname)%00%(upstream:short)%00%(upstream:track)%00%(objectname) refs/heads/master refs/remotes/master
> git for-each-ref --sort -committerdate --format %(refname) %(objectname) %(*objectname)
> git remote --verbose
Warning: Failed to watch ref '/home/tsubase/vsProjects/webflow_library/.git/refs/remotes/origin/master', is most likely packed.
> git config --get commit.template
> git status -z -u
> git symbolic-ref --short HEAD
> git for-each-ref --format=%(refname)%00%(upstream:short)%00%(upstream:track)%00%(objectname) refs/heads/master refs/remotes/master
> git for-each-ref --sort -committerdate --format %(refname) %(objectname) %(*objectname)
> git remote --verbose
Warning: Failed to watch ref '/home/tsubase/vsProjects/webflow_library/.git/refs/remotes/origin/master', is most likely packed.
> git config --get commit.template
> git status -z -u
> git symbolic-ref --short HEAD
> git for-each-ref --format=%(refname)%00%(upstream:short)%00%(upstream:track)%00%(objectname) refs/heads/master refs/remotes/master
> git for-each-ref --sort -committerdate --format %(refname) %(objectname) %(*objectname)
> git remote --verbose
Warning: Failed to watch ref '/home/tsubase/vsProjects/webflow_library/.git/refs/remotes/origin/master', is most likely packed.
> git config --get commit.template
> git ls-files --stage -- /home/tsubase/vsProjects/webflow_library/dev/pages/consultations/consultations_index.js
> git cat-file -s 7aedee46ba21808f74bdcb54fd9c46e3daf4e97a
> git show --textconv :dev/pages/consultations/consultations_index.js
> git status -z -u
> git symbolic-ref --short HEAD
> git for-each-ref --format=%(refname)%00%(upstream:short)%00%(upstream:track)%00%(objectname) refs/heads/master refs/remotes/master
> git for-each-ref --sort -committerdate --format %(refname) %(objectname) %(*objectname)
> git remote --verbose
Warning: Failed to watch ref '/home/tsubase/vsProjects/webflow_library/.git/refs/remotes/origin/master', is most likely packed.
> git config --get commit.template
> git status -z -u
> git symbolic-ref --short HEAD
> git for-each-ref --format=%(refname)%00%(upstream:short)%00%(upstream:track)%00%(objectname) refs/heads/master refs/remotes/master
> git for-each-ref --sort -committerdate --format %(refname) %(objectname) %(*objectname)
> git remote --verbose
Warning: Failed to watch ref '/home/tsubase/vsProjects/webflow_library/.git/refs/remotes/origin/master', is most likely packed.
> git config --get commit.template
> git ls-files --stage -- /home/tsubase/vsProjects/webflow_library/dev/pages/consultations/consultations_index.js
> git cat-file -s 7aedee46ba21808f74bdcb54fd9c46e3daf4e97a
> git show --textconv :dev/pages/consultations/consultations_index.js
> git status -z -u
> git symbolic-ref --short HEAD
> git for-each-ref --format=%(refname)%00%(upstream:short)%00%(upstream:track)%00%(objectname) refs/heads/master refs/remotes/master
> git for-each-ref --sort -committerdate --format %(refname) %(objectname) %(*objectname)
> git remote --verbose
Warning: Failed to watch ref '/home/tsubase/vsProjects/webflow_library/.git/refs/remotes/origin/master', is most likely packed.
> git config --get commit.template
