[2021-03-01 20:36:24.718] [exthost] [info] extension host started
[2021-03-01 20:36:24.868] [exthost] [info] ExtensionService#_doActivateExtension vscode.microsoft-authentication {"startup":false,"extensionId":{"value":"vscode.microsoft-authentication","_lower":"vscode.microsoft-authentication"},"activationEvent":"onAuthenticationRequest:microsoft"}
[2021-03-01 20:36:24.868] [exthost] [info] ExtensionService#loadCommonJSModule file:///snap/code/55/usr/share/code/resources/app/extensions/microsoft-authentication/dist/extension.js
[2021-03-01 20:36:24.885] [exthost] [info] ExtensionService#_doActivateExtension vscode.typescript-language-features {"startup":false,"extensionId":{"value":"vscode.typescript-language-features","_lower":"vscode.typescript-language-features"},"activationEvent":"onLanguage:javascript"}
[2021-03-01 20:36:24.885] [exthost] [info] ExtensionService#loadCommonJSModule file:///snap/code/55/usr/share/code/resources/app/extensions/typescript-language-features/dist/extension
[2021-03-01 20:36:24.902] [exthost] [info] ExtensionService#_doActivateExtension vscode.debug-auto-launch {"startup":true,"extensionId":{"value":"vscode.debug-auto-launch","_lower":"vscode.debug-auto-launch"},"activationEvent":"*"}
[2021-03-01 20:36:24.902] [exthost] [info] ExtensionService#loadCommonJSModule file:///snap/code/55/usr/share/code/resources/app/extensions/debug-auto-launch/dist/extension
[2021-03-01 20:36:24.905] [exthost] [info] ExtensionService#_doActivateExtension vscode.git {"startup":true,"extensionId":{"value":"vscode.github","_lower":"vscode.github"},"activationEvent":"*"}
[2021-03-01 20:36:24.905] [exthost] [info] ExtensionService#loadCommonJSModule file:///snap/code/55/usr/share/code/resources/app/extensions/git/dist/main
[2021-03-01 20:36:25.375] [exthost] [info] ExtensionService#_doActivateExtension vscode.github {"startup":true,"extensionId":{"value":"vscode.github","_lower":"vscode.github"},"activationEvent":"*"}
[2021-03-01 20:36:25.375] [exthost] [info] ExtensionService#loadCommonJSModule file:///snap/code/55/usr/share/code/resources/app/extensions/github/dist/extension.js
[2021-03-01 20:36:25.557] [exthost] [info] ExtensionService#_doActivateExtension ms-vscode.js-debug {"startup":false,"extensionId":{"value":"ms-vscode.js-debug","_lower":"ms-vscode.js-debug"},"activationEvent":"onCommand:extension.js-debug.clearAutoAttachVariables"}
[2021-03-01 20:36:25.557] [exthost] [info] ExtensionService#loadCommonJSModule file:///snap/code/55/usr/share/code/resources/app/extensions/ms-vscode.js-debug/src/extension.js
[2021-03-01 20:36:29.431] [exthost] [info] eager extensions activated
[2021-03-01 20:36:29.461] [exthost] [info] ExtensionService#_doActivateExtension vscode.emmet {"startup":false,"extensionId":{"value":"vscode.emmet","_lower":"vscode.emmet"},"activationEvent":"onStartupFinished"}
[2021-03-01 20:36:29.461] [exthost] [info] ExtensionService#loadCommonJSModule file:///snap/code/55/usr/share/code/resources/app/extensions/emmet/dist/node/emmetNodeMain
[2021-03-01 20:36:29.809] [exthost] [info] ExtensionService#_doActivateExtension vscode.merge-conflict {"startup":false,"extensionId":{"value":"vscode.merge-conflict","_lower":"vscode.merge-conflict"},"activationEvent":"onStartupFinished"}
[2021-03-01 20:36:29.809] [exthost] [info] ExtensionService#loadCommonJSModule file:///snap/code/55/usr/share/code/resources/app/extensions/merge-conflict/dist/mergeConflictMain
[2021-03-01 20:36:29.821] [exthost] [info] ExtensionService#_doActivateExtension vscode.testing-editor-contributions {"startup":false,"extensionId":{"value":"vscode.testing-editor-contributions","_lower":"vscode.testing-editor-contributions"},"activationEvent":"onStartupFinished"}
[2021-03-01 20:36:29.821] [exthost] [info] ExtensionService#loadCommonJSModule file:///snap/code/55/usr/share/code/resources/app/extensions/testing-editor-contributions/dist/extension.js
[2021-03-01 20:36:29.832] [exthost] [info] ExtensionService#_doActivateExtension esbenp.prettier-vscode {"startup":false,"extensionId":{"value":"esbenp.prettier-vscode","_lower":"esbenp.prettier-vscode"},"activationEvent":"onStartupFinished"}
[2021-03-01 20:36:29.832] [exthost] [info] ExtensionService#loadCommonJSModule file:///home/tsubase/.vscode/extensions/esbenp.prettier-vscode-5.9.2/dist/extension
[2021-03-01 20:36:30.020] [exthost] [info] ExtensionService#_doActivateExtension vscode.github-authentication {"startup":false,"extensionId":{"value":"vscode.github-authentication","_lower":"vscode.github-authentication"},"activationEvent":"onAuthenticationRequest:github"}
[2021-03-01 20:36:30.020] [exthost] [info] ExtensionService#loadCommonJSModule file:///snap/code/55/usr/share/code/resources/app/extensions/github-authentication/dist/extension.js
[2021-03-01 20:36:31.404] [exthost] [info] extension host terminating: parent process 2085 does not exist anymore: kill ESRCH (code: ESRCH) (errno: ESRCH)
[2021-03-01 20:36:31.516] [exthost] [error] [vscode.typescript-language-features] provider FAILED
[2021-03-01 20:36:31.516] [exthost] [error] Error: Could not create TS service. Service state:{"type":0}
	at T.service (/snap/code/55/usr/share/code/resources/app/extensions/typescript-language-features/dist/extension.js:1:234891)
	at T.executeImpl (/snap/code/55/usr/share/code/resources/app/extensions/typescript-language-features/dist/extension.js:1:242957)
	at T.execute (/snap/code/55/usr/share/code/resources/app/extensions/typescript-language-features/dist/extension.js:1:242560)
	at /snap/code/55/usr/share/code/resources/app/extensions/typescript-language-features/dist/extension.js:1:177084
	at S.interruptGetErr (/snap/code/55/usr/share/code/resources/app/extensions/typescript-language-features/dist/extension.js:1:256374)
	at T.interruptGetErr (/snap/code/55/usr/share/code/resources/app/extensions/typescript-language-features/dist/extension.js:1:243042)
	at S.provideCompletionItems (/snap/code/55/usr/share/code/resources/app/extensions/typescript-language-features/dist/extension.js:1:177052)
	at processTicksAndRejections (internal/process/task_queues.js:97:5)
	at async B.provideCompletionItems (/snap/code/55/usr/share/code/resources/app/out/vs/workbench/services/extensions/node/extensionHostProcess.js:86:151492)
[2021-03-01 20:36:32.414] [exthost] [info] exiting with code 0
