2021-02-15 21:20:24,493 DEBUG    root            Loaded Command Group: ['gcloud', 'init']
2021-02-15 21:20:24,494 DEBUG    root            Running [gcloud.init] with arguments: []
2021-02-15 21:20:24,494 INFO     ___FILE_ONLY___ Welcome! This command will take you through the configuration of gcloud.


2021-02-15 21:20:24,495 INFO     ___FILE_ONLY___ Your current configuration has been set to: [default]


2021-02-15 21:20:24,496 INFO     ___FILE_ONLY___ You can skip diagnostics next time by using the following flag:

2021-02-15 21:20:24,496 INFO     ___FILE_ONLY___   gcloud init --skip-diagnostics


2021-02-15 21:20:24,496 INFO     ___FILE_ONLY___ Network diagnostic detects and fixes local network connection issues.

2021-02-15 21:20:24,496 INFO     ___FILE_ONLY___ Checking network connection...
2021-02-15 21:20:27,241 DEBUG    urllib3.connectionpool Starting new HTTPS connection (1): accounts.google.com:443
2021-02-15 21:20:27,572 DEBUG    urllib3.connectionpool https://accounts.google.com:443 "GET / HTTP/1.1" 302 338
2021-02-15 21:20:27,752 DEBUG    urllib3.connectionpool https://accounts.google.com:443 "GET /ServiceLogin?passive=1209600&continue=https%3A%2F%2Faccounts.google.com%2F&followup=https%3A%2F%2Faccounts.google.com%2F HTTP/1.1" 200 None
2021-02-15 21:20:27,960 DEBUG    urllib3.connectionpool Starting new HTTPS connection (1): cloudresourcemanager.googleapis.com:443
2021-02-15 21:20:28,972 DEBUG    urllib3.connectionpool https://cloudresourcemanager.googleapis.com:443 "GET /v1beta1/projects HTTP/1.1" 401 None
2021-02-15 21:20:28,976 DEBUG    urllib3.connectionpool Starting new HTTPS connection (1): www.googleapis.com:443
2021-02-15 21:20:29,286 DEBUG    urllib3.connectionpool https://www.googleapis.com:443 "GET /auth/cloud-platform HTTP/1.1" 200 None
2021-02-15 21:20:29,289 DEBUG    urllib3.connectionpool Starting new HTTPS connection (1): dl.google.com:443
2021-02-15 21:20:29,637 DEBUG    urllib3.connectionpool https://dl.google.com:443 "GET /dl/cloudsdk/channels/rapid/components-2.json HTTP/1.1" 200 143607
2021-02-15 21:20:30,107 INFO     ___FILE_ONLY___ Reachability Check passed.

2021-02-15 21:20:30,108 INFO     ___FILE_ONLY___ Network diagnostic passed (1/1 checks passed).


2021-02-15 21:20:41,136 DEBUG    root            Loaded Command Group: ['gcloud', 'auth']
2021-02-15 21:20:41,166 DEBUG    root            Loaded Command Group: ['gcloud', 'auth', 'login']
2021-02-15 21:20:41,167 INFO     root            Executing: [gcloud auth login --force --brief]
2021-02-15 21:20:41,168 DEBUG    root            Running [gcloud.auth.login] with arguments: [--brief: "True", --force: "True"]
2021-02-15 21:20:41,191 DEBUG    requests_oauthlib.oauth2_session Generated new state 3xUFpIYcgXN5DGxqSjTAUnHwZRmNQR.
2021-02-15 21:20:41,558 INFO     ___FILE_ONLY___ Your browser has been opened to visit:

    https://accounts.google.com/o/oauth2/auth?response_type=code&client_id=32555940559.apps.googleusercontent.com&redirect_uri=http%3A%2F%2Flocalhost%3A8085%2F&scope=openid+https%3A%2F%2Fwww.googleapis.com%2Fauth%2Fuserinfo.email+https%3A%2F%2Fwww.googleapis.com%2Fauth%2Fcloud-platform+https%3A%2F%2Fwww.googleapis.com%2Fauth%2Fappengine.admin+https%3A%2F%2Fwww.googleapis.com%2Fauth%2Fcompute+https%3A%2F%2Fwww.googleapis.com%2Fauth%2Faccounts.reauth&state=3xUFpIYcgXN5DGxqSjTAUnHwZRmNQR&access_type=offline&code_challenge=fhohwg4v26fYGUjS-ONjnOFY1rW3w_51AtGKRDaeyMs&code_challenge_method=S256


2021-02-15 21:21:13,632 INFO     google_auth_oauthlib.flow "GET /?state=3xUFpIYcgXN5DGxqSjTAUnHwZRmNQR&code=4/0AY0e-g7ko7w3TmM5dhs5zb70YzDc32uvJC1WwHw3OKUU1_8LNGgTL0XJs4SWe3cpPxeF8g&scope=email%20openid%20https://www.googleapis.com/auth/userinfo.email%20https://www.googleapis.com/auth/cloud-platform%20https://www.googleapis.com/auth/appengine.admin%20https://www.googleapis.com/auth/compute%20https://www.googleapis.com/auth/accounts.reauth&authuser=1&hd=mozn.sa&prompt=consent HTTP/1.1" 200 959
2021-02-15 21:21:13,633 DEBUG    requests_oauthlib.oauth2_session Requesting url https://oauth2.googleapis.com/token using method POST.
2021-02-15 21:21:13,633 DEBUG    requests_oauthlib.oauth2_session Supplying headers {b'Accept': b'application/json', b'Content-Type': b'application/x-www-form-urlencoded;charset=UTF-8', b'user-agent': b'google-cloud-sdk gcloud/327.0.0 command/gcloud.auth.login invocation-id/6aba0cdc93bd4e8bbbfa546529b070f5 environment/None environment-version/None interactive/True from-script/False python/3.8.5 term/xterm-256color (Linux 5.4.0-58-generic)'} and data {'grant_type': 'authorization_code', 'client_id': '32555940559.apps.googleusercontent.com', 'client_secret': 'ZmssLNjJy2998hD4CTg2ejr2', 'code': '4/0AY0e-g7ko7w3TmM5dhs5zb70YzDc32uvJC1WwHw3OKUU1_8LNGgTL0XJs4SWe3cpPxeF8g', 'redirect_uri': 'http://localhost:8085/', 'code_verifier': 'df5ysVSPg4~JSyPvb9ztif_mkflrVfyZsGkgs82F4Ri671D-W0zjOEZ9Y0b4eNlphJY3.mcq8IdVaoxpgjqWGlfXgyGrH-LOv_WARdLRRPkpQSwKgy6~E_s7Sq19-zk~'}
2021-02-15 21:21:13,633 DEBUG    requests_oauthlib.oauth2_session Passing through key word arguments {'json': None, 'timeout': None, 'auth': None, 'verify': True, 'proxies': None}.
2021-02-15 21:21:13,635 DEBUG    urllib3.connectionpool Starting new HTTPS connection (1): oauth2.googleapis.com:443
2021-02-15 21:21:13,976 DEBUG    urllib3.connectionpool https://oauth2.googleapis.com:443 "POST /token HTTP/1.1" 200 None
2021-02-15 21:21:13,978 DEBUG    requests_oauthlib.oauth2_session Prepared fetch token request body grant_type=authorization_code&client_id=32555940559.apps.googleusercontent.com&client_secret=ZmssLNjJy2998hD4CTg2ejr2&code=4%2F0AY0e-g7ko7w3TmM5dhs5zb70YzDc32uvJC1WwHw3OKUU1_8LNGgTL0XJs4SWe3cpPxeF8g&redirect_uri=http%3A%2F%2Flocalhost%3A8085%2F&code_verifier=df5ysVSPg4~JSyPvb9ztif_mkflrVfyZsGkgs82F4Ri671D-W0zjOEZ9Y0b4eNlphJY3.mcq8IdVaoxpgjqWGlfXgyGrH-LOv_WARdLRRPkpQSwKgy6~E_s7Sq19-zk~
2021-02-15 21:21:13,978 DEBUG    requests_oauthlib.oauth2_session Request to fetch token completed with status 200.
2021-02-15 21:21:13,978 DEBUG    requests_oauthlib.oauth2_session Request headers were {'user-agent': b'google-cloud-sdk gcloud/327.0.0 command/gcloud.auth.login invocation-id/6aba0cdc93bd4e8bbbfa546529b070f5 environment/None environment-version/None interactive/True from-script/False python/3.8.5 term/xterm-256color (Linux 5.4.0-58-generic)', 'Accept-Encoding': 'gzip, deflate', 'Accept': b'application/json', 'Connection': 'keep-alive', 'Content-Type': b'application/x-www-form-urlencoded;charset=UTF-8', 'Content-Length': '387'}
2021-02-15 21:21:13,978 DEBUG    requests_oauthlib.oauth2_session Request body was grant_type=authorization_code&client_id=32555940559.apps.googleusercontent.com&client_secret=ZmssLNjJy2998hD4CTg2ejr2&code=4%2F0AY0e-g7ko7w3TmM5dhs5zb70YzDc32uvJC1WwHw3OKUU1_8LNGgTL0XJs4SWe3cpPxeF8g&redirect_uri=http%3A%2F%2Flocalhost%3A8085%2F&code_verifier=df5ysVSPg4~JSyPvb9ztif_mkflrVfyZsGkgs82F4Ri671D-W0zjOEZ9Y0b4eNlphJY3.mcq8IdVaoxpgjqWGlfXgyGrH-LOv_WARdLRRPkpQSwKgy6~E_s7Sq19-zk~
2021-02-15 21:21:13,979 DEBUG    requests_oauthlib.oauth2_session Response headers were {'Expires': 'Mon, 01 Jan 1990 00:00:00 GMT', 'Date': 'Mon, 15 Feb 2021 18:21:14 GMT', 'Cache-Control': 'no-cache, no-store, max-age=0, must-revalidate', 'Pragma': 'no-cache', 'Content-Type': 'application/json; charset=utf-8', 'Vary': 'Origin, X-Origin, Referer', 'Content-Encoding': 'gzip', 'Server': 'scaffolding on HTTPServer2', 'X-XSS-Protection': '0', 'X-Frame-Options': 'SAMEORIGIN', 'X-Content-Type-Options': 'nosniff', 'Alt-Svc': 'h3-29=":443"; ma=2592000,h3-T051=":443"; ma=2592000,h3-Q050=":443"; ma=2592000,h3-Q046=":443"; ma=2592000,h3-Q043=":443"; ma=2592000,quic=":443"; ma=2592000; v="46,43"', 'Transfer-Encoding': 'chunked'} and content {
  "access_token": "ya29.a0AfH6SMBtRRlFU8Z_X__eQWAHcxwh5Qw4p-xh4Wv88u9KUP4BPfElUHgjPMJ669_9fgD_5cKp9ujl7xToegy0-Or4ZUzRYZCEZAMS3fXDVZ3G611te0L7fALvngKW6UKrtN7Uzcbmwm22aQ-YS_a2HK1NJhx_hSu1QfommqF9o5yfcE5q7r8",
  "expires_in": 3599,
  "refresh_token": "1//038bqX4uRLFbeCgYIARAAGAMSNwF-L9IrXG8NEypDJPf4r0fU7775dccrYLc2zLi5MDy3Tflps3Tzm2BLF47K-YE31--BWMxu2n4",
  "scope": "openid https://www.googleapis.com/auth/cloud-platform https://www.googleapis.com/auth/userinfo.email https://www.googleapis.com/auth/appengine.admin https://www.googleapis.com/auth/compute https://www.googleapis.com/auth/accounts.reauth",
  "token_type": "Bearer",
  "id_token": "eyJhbGciOiJSUzI1NiIsImtpZCI6ImZkYjQwZTJmOTM1M2M1OGFkZDY0OGI2MzYzNGU1YmJmNjNlNGY1MDIiLCJ0eXAiOiJKV1QifQ.eyJpc3MiOiJodHRwczovL2FjY291bnRzLmdvb2dsZS5jb20iLCJhenAiOiIzMjU1NTk0MDU1OS5hcHBzLmdvb2dsZXVzZXJjb250ZW50LmNvbSIsImF1ZCI6IjMyNTU1OTQwNTU5LmFwcHMuZ29vZ2xldXNlcmNvbnRlbnQuY29tIiwic3ViIjoiMTAyNDU1NjQ2MDQ0NjI5OTQ2NTI2IiwiaGQiOiJtb3puLnNhIiwiZW1haWwiOiJuYWRhay5rQG1vem4uc2EiLCJlbWFpbF92ZXJpZmllZCI6dHJ1ZSwiYXRfaGFzaCI6ImtneVVrdE01eGRWb1J5TVNJM1NzenciLCJpYXQiOjE2MTM0MTMyNzQsImV4cCI6MTYxMzQxNjg3NH0.cXUvfv8demkz_5PGczgnXd7wNc6vJkGudW69nycullogXuH7XGEMILB6DLSzGP2O9fcidGPRYEN8b1gw0AGTFKuExy3N0PQu468Fv6u9xwWqdXYfB4-tOA-onic6LcalRuCP-S6t4fPRDjolNUwqaRo0KL4hllVY9NAtKu6CCFXP4pJyznCDbuBXSZMbW2-hJRzATu84egBCAdQF51zLT3drJkC7cJ-UH67q4Fw8hSVLza0q5JBrfpDjEGhEgMhw1Blg-BiKSI8EvlkmvyAldEbET3-_-gw_vho3R88LuyCLbEPr4njlxgnqO_3FkjjWcAju0zcPKd1Kux8r-W-lTA"
}.
2021-02-15 21:21:13,979 DEBUG    requests_oauthlib.oauth2_session Invoking 0 token response hooks.
2021-02-15 21:21:13,979 DEBUG    requests_oauthlib.oauth2_session Obtained token {'access_token': 'ya29.a0AfH6SMBtRRlFU8Z_X__eQWAHcxwh5Qw4p-xh4Wv88u9KUP4BPfElUHgjPMJ669_9fgD_5cKp9ujl7xToegy0-Or4ZUzRYZCEZAMS3fXDVZ3G611te0L7fALvngKW6UKrtN7Uzcbmwm22aQ-YS_a2HK1NJhx_hSu1QfommqF9o5yfcE5q7r8', 'expires_in': 3599, 'refresh_token': '1//038bqX4uRLFbeCgYIARAAGAMSNwF-L9IrXG8NEypDJPf4r0fU7775dccrYLc2zLi5MDy3Tflps3Tzm2BLF47K-YE31--BWMxu2n4', 'scope': ['openid', 'https://www.googleapis.com/auth/cloud-platform', 'https://www.googleapis.com/auth/userinfo.email', 'https://www.googleapis.com/auth/appengine.admin', 'https://www.googleapis.com/auth/compute', 'https://www.googleapis.com/auth/accounts.reauth'], 'token_type': 'Bearer', 'id_token': 'eyJhbGciOiJSUzI1NiIsImtpZCI6ImZkYjQwZTJmOTM1M2M1OGFkZDY0OGI2MzYzNGU1YmJmNjNlNGY1MDIiLCJ0eXAiOiJKV1QifQ.eyJpc3MiOiJodHRwczovL2FjY291bnRzLmdvb2dsZS5jb20iLCJhenAiOiIzMjU1NTk0MDU1OS5hcHBzLmdvb2dsZXVzZXJjb250ZW50LmNvbSIsImF1ZCI6IjMyNTU1OTQwNTU5LmFwcHMuZ29vZ2xldXNlcmNvbnRlbnQuY29tIiwic3ViIjoiMTAyNDU1NjQ2MDQ0NjI5OTQ2NTI2IiwiaGQiOiJtb3puLnNhIiwiZW1haWwiOiJuYWRhay5rQG1vem4uc2EiLCJlbWFpbF92ZXJpZmllZCI6dHJ1ZSwiYXRfaGFzaCI6ImtneVVrdE01eGRWb1J5TVNJM1NzenciLCJpYXQiOjE2MTM0MTMyNzQsImV4cCI6MTYxMzQxNjg3NH0.cXUvfv8demkz_5PGczgnXd7wNc6vJkGudW69nycullogXuH7XGEMILB6DLSzGP2O9fcidGPRYEN8b1gw0AGTFKuExy3N0PQu468Fv6u9xwWqdXYfB4-tOA-onic6LcalRuCP-S6t4fPRDjolNUwqaRo0KL4hllVY9NAtKu6CCFXP4pJyznCDbuBXSZMbW2-hJRzATu84egBCAdQF51zLT3drJkC7cJ-UH67q4Fw8hSVLza0q5JBrfpDjEGhEgMhw1Blg-BiKSI8EvlkmvyAldEbET3-_-gw_vho3R88LuyCLbEPr4njlxgnqO_3FkjjWcAju0zcPKd1Kux8r-W-lTA', 'expires_at': 1613416872.9795568}.
2021-02-15 21:21:13,998 INFO     root            Display format: "none"
2021-02-15 21:21:14,041 DEBUG    root            SDK update checks are disabled.
2021-02-15 21:21:14,043 INFO     ___FILE_ONLY___ You are logged in as: [nadak.k@mozn.sa].


2021-02-15 21:21:14,053 DEBUG    urllib3.connectionpool Starting new HTTPS connection (1): cloudresourcemanager.googleapis.com:443
2021-02-15 21:21:15,083 DEBUG    urllib3.connectionpool https://cloudresourcemanager.googleapis.com:443 "GET /v1/projects?alt=json&filter=lifecycleState%3AACTIVE&pageSize=201 HTTP/1.1" 200 None
2021-02-15 21:21:23,218 INFO     ___FILE_ONLY___ Your current project has been set to: [thakaa-e6e86].


2021-02-15 21:21:23,237 DEBUG    root            Loaded Command Group: ['gcloud', 'compute']
2021-02-15 21:21:23,239 DEBUG    root            Loaded Command Group: ['gcloud', 'compute', 'project_info']
2021-02-15 21:21:23,244 DEBUG    root            Loaded Command Group: ['gcloud', 'compute', 'project-info', 'describe']
2021-02-15 21:21:23,245 INFO     root            Executing: [gcloud compute project-info describe --quiet]
2021-02-15 21:21:23,247 DEBUG    root            Running [gcloud.compute.project-info.describe] with arguments: [--no-user-output-enabled: "false", --quiet: "True", --verbosity: "none"]
2021-02-15 21:21:23,318 DEBUG    urllib3.connectionpool Starting new HTTPS connection (1): compute.googleapis.com:443
2021-02-15 21:21:24,178 DEBUG    urllib3.connectionpool https://compute.googleapis.com:443 "POST /batch/compute/v1 HTTP/1.1" 200 None
2021-02-15 21:21:24,187 INFO     root            Display disabled.
2021-02-15 21:21:24,188 DEBUG    root            SDK update checks are disabled.
2021-02-15 21:21:33,973 DEBUG    root            Executing command: ['/usr/lib/google-cloud-sdk/bin/gsutil', 'config', '-n', '-o', '/home/tsubase/.boto']
2021-02-15 21:21:34,754 DEBUG    ___FILE_ONLY___ 
2021-02-15 21:21:34,754 DEBUG    ___FILE_ONLY___ This command will create a boto config file at /home/tsubase/.boto
containing your credentials, based on your responses to the following
questions.

Boto config file "/home/tsubase/.boto" created. If you need to use a
proxy to access the Internet please see the instructions in that file.

2021-02-15 21:21:34,754 INFO     ___FILE_ONLY___ Created a default .boto configuration file at [/home/tsubase/.boto]. See this file and
[https://cloud.google.com/storage/docs/gsutil/commands/config] for more
information about configuring Google Cloud Storage.

2021-02-15 21:21:34,755 INFO     ___FILE_ONLY___ Your Google Cloud SDK is configured and ready to use!


2021-02-15 21:21:34,755 INFO     ___FILE_ONLY___ * Commands that require authentication will use nadak.k@mozn.sa by default

2021-02-15 21:21:34,755 INFO     ___FILE_ONLY___ * Commands will reference project `thakaa-e6e86` by default

2021-02-15 21:21:34,755 INFO     ___FILE_ONLY___ Run `gcloud help config` to learn how to change individual settings


2021-02-15 21:21:34,755 INFO     ___FILE_ONLY___ This gcloud configuration is called [default]. You can create additional configurations if you work with multiple accounts and/or projects.

2021-02-15 21:21:34,755 INFO     ___FILE_ONLY___ Run `gcloud topic configurations` to learn more.


2021-02-15 21:21:34,755 INFO     ___FILE_ONLY___ Some things to try next:


2021-02-15 21:21:34,755 INFO     ___FILE_ONLY___ * Run `gcloud --help` to see the Cloud Platform services you can interact with. And run `gcloud help COMMAND` to get help on any gcloud command.

2021-02-15 21:21:34,755 INFO     ___FILE_ONLY___ * Run `gcloud topic --help` to learn about advanced features of the SDK like arg files and output formatting

2021-02-15 21:21:34,756 INFO     root            Display format: "default"
2021-02-15 21:21:34,756 DEBUG    root            SDK update checks are disabled.
