[2021-02-16 10:47:15.399] [sharedprocess] [info] Deleted from disk dart-code.flutter /home/tsubase/.vscode/extensions/dart-code.flutter-3.15.0
[2021-02-16 10:47:15.450] [sharedprocess] [info] Deleted from disk dart-code.dart-code /home/tsubase/.vscode/extensions/dart-code.dart-code-3.15.0
[2021-02-16 10:47:15.614] [sharedprocess] [info] Deleted from disk ms-python.python /home/tsubase/.vscode/extensions/ms-python.python-2020.9.112786
[2021-02-16 10:47:18.804] [sharedprocess] [info] Installing extension: dart-code.dart-code
[2021-02-16 10:47:18.806] [sharedprocess] [info] Installing extension: dart-code.flutter
[2021-02-16 10:47:18.807] [sharedprocess] [info] Installing extension: ms-azuretools.vscode-docker
[2021-02-16 10:47:18.807] [sharedprocess] [info] Installing extension: ms-python.python
[2021-02-16 10:47:21.777] [sharedprocess] [info] Downloaded extension: dart-code.flutter undefined
[2021-02-16 10:47:21.799] [sharedprocess] [info] Extracted extension to /home/tsubase/.vscode/extensions/.dart-code.flutter-3.19.0: dart-code.flutter
[2021-02-16 10:47:21.799] [sharedprocess] [info] Renamed to /home/tsubase/.vscode/extensions/dart-code.flutter-3.19.0
[2021-02-16 10:47:21.800] [sharedprocess] [info] Installation completed. dart-code.flutter
[2021-02-16 10:47:21.843] [sharedprocess] [info] Extensions installed successfully: dart-code.flutter
[2021-02-16 10:47:22.902] [sharedprocess] [info] Downloaded extension: ms-azuretools.vscode-docker undefined
[2021-02-16 10:47:23.134] [sharedprocess] [info] Extracted extension to /home/tsubase/.vscode/extensions/.ms-azuretools.vscode-docker-1.9.1: ms-azuretools.vscode-docker
[2021-02-16 10:47:23.134] [sharedprocess] [info] Renamed to /home/tsubase/.vscode/extensions/ms-azuretools.vscode-docker-1.9.1
[2021-02-16 10:47:23.136] [sharedprocess] [info] Installation completed. ms-azuretools.vscode-docker
[2021-02-16 10:47:23.197] [sharedprocess] [info] Extensions installed successfully: ms-azuretools.vscode-docker
[2021-02-16 10:47:30.284] [sharedprocess] [info] Downloaded extension: ms-python.python undefined
[2021-02-16 10:47:31.288] [sharedprocess] [info] Downloaded extension: dart-code.dart-code undefined
[2021-02-16 10:47:32.144] [sharedprocess] [info] Extracted extension to /home/tsubase/.vscode/extensions/.ms-python.python-2021.1.502429796: ms-python.python
[2021-02-16 10:47:32.145] [sharedprocess] [info] Renamed to /home/tsubase/.vscode/extensions/ms-python.python-2021.1.502429796
[2021-02-16 10:47:32.147] [sharedprocess] [info] Installation completed. ms-python.python
[2021-02-16 10:47:32.203] [sharedprocess] [info] Extensions installed successfully: ms-python.python
[2021-02-16 10:47:34.880] [sharedprocess] [info] Extracted extension to /home/tsubase/.vscode/extensions/.dart-code.dart-code-3.19.2: dart-code.dart-code
[2021-02-16 10:47:34.880] [sharedprocess] [info] Renamed to /home/tsubase/.vscode/extensions/dart-code.dart-code-3.19.2
[2021-02-16 10:47:34.884] [sharedprocess] [info] Installation completed. dart-code.dart-code
[2021-02-16 10:47:34.912] [sharedprocess] [info] Extensions installed successfully: dart-code.dart-code
[2021-02-16 10:47:54.497] [sharedprocess] [info] Starting to clean up unused language packs.
