Looking for git in: git
Using git 2.25.1 from git
> git rev-parse --git-dir
Open repository: /home/tsubase/vsProjects/webflow_library
> git status -z -u
> git symbolic-ref --short HEAD
> git for-each-ref --format=%(refname)%00%(upstream:short)%00%(upstream:track)%00%(objectname) refs/heads/master refs/remotes/master
> git check-ignore -v -z --stdin
> git for-each-ref --sort -committerdate --format %(refname) %(objectname) %(*objectname)
> git remote --verbose
Warning: Failed to watch ref '/home/tsubase/vsProjects/webflow_library/.git/refs/remotes/origin/master', is most likely packed.
> git config --get commit.template
> git show --textconv :dev/pages/consultations/consultations_index.js
> git ls-files --stage -- /home/tsubase/vsProjects/webflow_library/dev/pages/consultations/consultations_index.js
> git cat-file -s 7aedee46ba21808f74bdcb54fd9c46e3daf4e97a
> git status -z -u
> git symbolic-ref --short HEAD
> git for-each-ref --format=%(refname)%00%(upstream:short)%00%(upstream:track)%00%(objectname) refs/heads/master refs/remotes/master
> git for-each-ref --sort -committerdate --format %(refname) %(objectname) %(*objectname)
> git remote --verbose
Warning: Failed to watch ref '/home/tsubase/vsProjects/webflow_library/.git/refs/remotes/origin/master', is most likely packed.
> git config --get commit.template
> git ls-files --stage -- /home/tsubase/vsProjects/webflow_library/dev/pages/consultations/consultations_index.js
> git cat-file -s 7aedee46ba21808f74bdcb54fd9c46e3daf4e97a
> git show --textconv :dev/pages/consultations/consultations_index.js
> git status -z -u
> git symbolic-ref --short HEAD
> git for-each-ref --format=%(refname)%00%(upstream:short)%00%(upstream:track)%00%(objectname) refs/heads/master refs/remotes/master
> git for-each-ref --sort -committerdate --format %(refname) %(objectname) %(*objectname)
> git remote --verbose
Warning: Failed to watch ref '/home/tsubase/vsProjects/webflow_library/.git/refs/remotes/origin/master', is most likely packed.
> git config --get commit.template
> git status -z -u
> git symbolic-ref --short HEAD
> git ls-files --stage -- /home/tsubase/vsProjects/webflow_library/dev/pages/consultations/consultations_index.js
> git for-each-ref --format=%(refname)%00%(upstream:short)%00%(upstream:track)%00%(objectname) refs/heads/master refs/remotes/master
> git cat-file -s d793fff5a42475387d607de52fd9b8661fa52222
> git for-each-ref --sort -committerdate --format %(refname) %(objectname) %(*objectname)
> git remote --verbose
> git show --textconv :dev/pages/consultations/consultations_index.js
> git status -z -u
> git symbolic-ref --short HEAD
> git for-each-ref --format=%(refname)%00%(upstream:short)%00%(upstream:track)%00%(objectname) refs/heads/master refs/remotes/master
> git for-each-ref --sort -committerdate --format %(refname) %(objectname) %(*objectname)
> git remote --verbose
> git ls-files --stage -- /home/tsubase/vsProjects/webflow_library/dev/pages/consultations/consultations_index.js
> git cat-file -s 509d576a5898610a84ba2ac2d175992c8023b036
> git show --textconv :dev/pages/consultations/consultations_index.js
> git status -z -u
> git symbolic-ref --short HEAD
> git for-each-ref --format=%(refname)%00%(upstream:short)%00%(upstream:track)%00%(objectname) refs/heads/master refs/remotes/master
> git for-each-ref --sort -committerdate --format %(refname) %(objectname) %(*objectname)
> git remote --verbose
> git ls-files --stage -- /home/tsubase/vsProjects/webflow_library/dev/pages/consultations/consultations_index.js
> git cat-file -s 509d576a5898610a84ba2ac2d175992c8023b036
> git show --textconv :dev/pages/consultations/consultations_index.js
> git status -z -u
> git symbolic-ref --short HEAD
> git for-each-ref --format=%(refname)%00%(upstream:short)%00%(upstream:track)%00%(objectname) refs/heads/master refs/remotes/master
> git for-each-ref --sort -committerdate --format %(refname) %(objectname) %(*objectname)
> git remote --verbose
> git config --get commit.template
> git status -z -u
> git symbolic-ref --short HEAD
> git ls-files --stage -- /home/tsubase/vsProjects/webflow_library/dev/pages/consultations/consultations_index.js
> git for-each-ref --format=%(refname)%00%(upstream:short)%00%(upstream:track)%00%(objectname) refs/heads/master refs/remotes/master
> git cat-file -s 509d576a5898610a84ba2ac2d175992c8023b036
> git for-each-ref --sort -committerdate --format %(refname) %(objectname) %(*objectname)
> git remote --verbose
> git show --textconv :dev/pages/consultations/consultations_index.js
> git config --get commit.template
> git check-ignore -v -z --stdin
> git check-ignore -v -z --stdin
> git show --textconv :dev/pages/challenges/team_profile/forms.js
> git ls-files --stage -- /home/tsubase/vsProjects/webflow_library/dev/pages/challenges/team_profile/forms.js
> git cat-file -s 352cc801cb7a986eac0e54fcc339506c208e8f03
> git show --textconv :dev/pages/consultations/consultations_index.js
> git ls-files --stage -- /home/tsubase/vsProjects/webflow_library/dev/pages/consultations/consultations_index.js
> git cat-file -s 509d576a5898610a84ba2ac2d175992c8023b036
> git status -z -u
> git symbolic-ref --short HEAD
> git for-each-ref --format=%(refname)%00%(upstream:short)%00%(upstream:track)%00%(objectname) refs/heads/master refs/remotes/master
> git for-each-ref --sort -committerdate --format %(refname) %(objectname) %(*objectname)
> git remote --verbose
> git config --get commit.template
> git show --textconv :dev/pages/challenges/team_profile/forms.js
> git ls-files --stage -- /home/tsubase/vsProjects/webflow_library/dev/pages/challenges/team_profile/forms.js
> git cat-file -s 352cc801cb7a986eac0e54fcc339506c208e8f03
> git show --textconv :dev/pages/challenges/team_profile/navigation.js
> git ls-files --stage -- /home/tsubase/vsProjects/webflow_library/dev/pages/challenges/team_profile/navigation.js
> git cat-file -s d315091e52e853cb4dfad3c573c09a2eeef8a7c9
> git show --textconv :dev/pages/challenges/team_profile/index.js
> git ls-files --stage -- /home/tsubase/vsProjects/webflow_library/dev/pages/challenges/team_profile/index.js
> git cat-file -s 450d030aa6432c8230a732fabdf7597da929e062
> git show --textconv :dev/pages/challenges/team_profile/navigation.js
> git ls-files --stage -- /home/tsubase/vsProjects/webflow_library/dev/pages/challenges/team_profile/navigation.js
> git cat-file -s d315091e52e853cb4dfad3c573c09a2eeef8a7c9
> git status -z -u
> git symbolic-ref --short HEAD
> git for-each-ref --format=%(refname)%00%(upstream:short)%00%(upstream:track)%00%(objectname) refs/heads/master refs/remotes/master
> git for-each-ref --sort -committerdate --format %(refname) %(objectname) %(*objectname)
> git remote --verbose
> git config --get commit.template
> git status -z -u
> git symbolic-ref --short HEAD
> git for-each-ref --format=%(refname)%00%(upstream:short)%00%(upstream:track)%00%(objectname) refs/heads/master refs/remotes/master
> git for-each-ref --sort -committerdate --format %(refname) %(objectname) %(*objectname)
> git remote --verbose
> git config --get commit.template
> git status -z -u
> git symbolic-ref --short HEAD
> git for-each-ref --format=%(refname)%00%(upstream:short)%00%(upstream:track)%00%(objectname) refs/heads/master refs/remotes/master
> git for-each-ref --sort -committerdate --format %(refname) %(objectname) %(*objectname)
> git remote --verbose
> git config --get commit.template
> git status -z -u
> git symbolic-ref --short HEAD
> git for-each-ref --format=%(refname)%00%(upstream:short)%00%(upstream:track)%00%(objectname) refs/heads/master refs/remotes/master
> git for-each-ref --sort -committerdate --format %(refname) %(objectname) %(*objectname)
> git remote --verbose
> git config --get commit.template
> git show --textconv :dev/pages/challenges/team_profile/index.js
> git ls-files --stage -- /home/tsubase/vsProjects/webflow_library/dev/pages/challenges/team_profile/index.js
> git cat-file -s 450d030aa6432c8230a732fabdf7597da929e062
> git show --textconv :dev/pages/challenges/team_profile/navigation.js
> git ls-files --stage -- /home/tsubase/vsProjects/webflow_library/dev/pages/challenges/team_profile/navigation.js
> git cat-file -s d315091e52e853cb4dfad3c573c09a2eeef8a7c9
> git status -z -u
> git symbolic-ref --short HEAD
> git for-each-ref --format=%(refname)%00%(upstream:short)%00%(upstream:track)%00%(objectname) refs/heads/master refs/remotes/master
> git for-each-ref --sort -committerdate --format %(refname) %(objectname) %(*objectname)
> git remote --verbose
> git config --get commit.template
> git status -z -u
> git symbolic-ref --short HEAD
> git for-each-ref --format=%(refname)%00%(upstream:short)%00%(upstream:track)%00%(objectname) refs/heads/master refs/remotes/master
> git for-each-ref --sort -committerdate --format %(refname) %(objectname) %(*objectname)
> git remote --verbose
> git config --get commit.template
> git status -z -u
> git symbolic-ref --short HEAD
> git for-each-ref --format=%(refname)%00%(upstream:short)%00%(upstream:track)%00%(objectname) refs/heads/master refs/remotes/master
> git for-each-ref --sort -committerdate --format %(refname) %(objectname) %(*objectname)
> git remote --verbose
> git config --get commit.template
> git status -z -u
> git symbolic-ref --short HEAD
> git for-each-ref --format=%(refname)%00%(upstream:short)%00%(upstream:track)%00%(objectname) refs/heads/master refs/remotes/master
> git for-each-ref --sort -committerdate --format %(refname) %(objectname) %(*objectname)
> git remote --verbose
> git config --get commit.template
> git status -z -u
> git symbolic-ref --short HEAD
> git for-each-ref --format=%(refname)%00%(upstream:short)%00%(upstream:track)%00%(objectname) refs/heads/master refs/remotes/master
> git for-each-ref --sort -committerdate --format %(refname) %(objectname) %(*objectname)
> git remote --verbose
> git config --get commit.template
> git status -z -u
> git symbolic-ref --short HEAD
> git for-each-ref --format=%(refname)%00%(upstream:short)%00%(upstream:track)%00%(objectname) refs/heads/master refs/remotes/master
> git for-each-ref --sort -committerdate --format %(refname) %(objectname) %(*objectname)
> git remote --verbose
> git config --get commit.template
> git status -z -u
> git symbolic-ref --short HEAD
> git for-each-ref --format=%(refname)%00%(upstream:short)%00%(upstream:track)%00%(objectname) refs/heads/master refs/remotes/master
> git for-each-ref --sort -committerdate --format %(refname) %(objectname) %(*objectname)
> git remote --verbose
> git config --get commit.template
> git show --textconv :dev/pages/challenges/team_profile/navigation.js
> git ls-files --stage -- /home/tsubase/vsProjects/webflow_library/dev/pages/challenges/team_profile/navigation.js
> git cat-file -s d315091e52e853cb4dfad3c573c09a2eeef8a7c9
> git status -z -u
> git symbolic-ref --short HEAD
> git for-each-ref --format=%(refname)%00%(upstream:short)%00%(upstream:track)%00%(objectname) refs/heads/master refs/remotes/master
> git for-each-ref --sort -committerdate --format %(refname) %(objectname) %(*objectname)
> git remote --verbose
> git config --get commit.template
> git status -z -u
> git symbolic-ref --short HEAD
> git for-each-ref --format=%(refname)%00%(upstream:short)%00%(upstream:track)%00%(objectname) refs/heads/master refs/remotes/master
> git for-each-ref --sort -committerdate --format %(refname) %(objectname) %(*objectname)
> git remote --verbose
> git config --get commit.template
> git status -z -u
> git symbolic-ref --short HEAD
> git for-each-ref --format=%(refname)%00%(upstream:short)%00%(upstream:track)%00%(objectname) refs/heads/master refs/remotes/master
> git for-each-ref --sort -committerdate --format %(refname) %(objectname) %(*objectname)
> git remote --verbose
> git config --get commit.template
> git status -z -u
> git symbolic-ref --short HEAD
> git for-each-ref --format=%(refname)%00%(upstream:short)%00%(upstream:track)%00%(objectname) refs/heads/master refs/remotes/master
> git for-each-ref --sort -committerdate --format %(refname) %(objectname) %(*objectname)
> git remote --verbose
> git config --get commit.template
> git status -z -u
> git symbolic-ref --short HEAD
> git for-each-ref --format=%(refname)%00%(upstream:short)%00%(upstream:track)%00%(objectname) refs/heads/master refs/remotes/master
> git for-each-ref --sort -committerdate --format %(refname) %(objectname) %(*objectname)
> git remote --verbose
> git config --get commit.template
> git status -z -u
> git symbolic-ref --short HEAD
> git for-each-ref --format=%(refname)%00%(upstream:short)%00%(upstream:track)%00%(objectname) refs/heads/master refs/remotes/master
> git for-each-ref --sort -committerdate --format %(refname) %(objectname) %(*objectname)
> git remote --verbose
> git config --get commit.template
> git status -z -u
> git symbolic-ref --short HEAD
> git for-each-ref --format=%(refname)%00%(upstream:short)%00%(upstream:track)%00%(objectname) refs/heads/master refs/remotes/master
> git for-each-ref --sort -committerdate --format %(refname) %(objectname) %(*objectname)
> git remote --verbose
> git config --get commit.template
> git status -z -u
> git symbolic-ref --short HEAD
> git for-each-ref --format=%(refname)%00%(upstream:short)%00%(upstream:track)%00%(objectname) refs/heads/master refs/remotes/master
> git for-each-ref --sort -committerdate --format %(refname) %(objectname) %(*objectname)
> git remote --verbose
> git config --get commit.template
> git status -z -u
> git symbolic-ref --short HEAD
> git for-each-ref --format=%(refname)%00%(upstream:short)%00%(upstream:track)%00%(objectname) refs/heads/master refs/remotes/master
> git for-each-ref --sort -committerdate --format %(refname) %(objectname) %(*objectname)
> git remote --verbose
> git config --get commit.template
> git status -z -u
> git symbolic-ref --short HEAD
> git for-each-ref --format=%(refname)%00%(upstream:short)%00%(upstream:track)%00%(objectname) refs/heads/master refs/remotes/master
> git for-each-ref --sort -committerdate --format %(refname) %(objectname) %(*objectname)
> git remote --verbose
> git config --get commit.template
> git status -z -u
> git symbolic-ref --short HEAD
> git for-each-ref --format=%(refname)%00%(upstream:short)%00%(upstream:track)%00%(objectname) refs/heads/master refs/remotes/master
> git for-each-ref --sort -committerdate --format %(refname) %(objectname) %(*objectname)
> git remote --verbose
> git config --get commit.template
> git log --format=%H%n%aN%n%aE%n%at%n%ct%n%P%n%B -z -n21 -- /home/tsubase/vsProjects/webflow_library/dev/pages/challenges/team_profile/navigation.js
> git check-ignore -v -z --stdin
> git show --textconv :dev/pages/events/register.js
> git ls-files --stage -- /home/tsubase/vsProjects/webflow_library/dev/pages/events/register.js
> git cat-file -s 219abf447ff001de3befe6573f027c6c00c43418
> git status -z -u
> git symbolic-ref --short HEAD
> git for-each-ref --format=%(refname)%00%(upstream:short)%00%(upstream:track)%00%(objectname) refs/heads/master refs/remotes/master
> git for-each-ref --sort -committerdate --format %(refname) %(objectname) %(*objectname)
> git remote --verbose
> git config --get commit.template
> git status -z -u
> git symbolic-ref --short HEAD
> git for-each-ref --format=%(refname)%00%(upstream:short)%00%(upstream:track)%00%(objectname) refs/heads/master refs/remotes/master
> git for-each-ref --sort -committerdate --format %(refname) %(objectname) %(*objectname)
> git remote --verbose
> git config --get commit.template
> git status -z -u
> git symbolic-ref --short HEAD
> git for-each-ref --format=%(refname)%00%(upstream:short)%00%(upstream:track)%00%(objectname) refs/heads/master refs/remotes/master
> git for-each-ref --sort -committerdate --format %(refname) %(objectname) %(*objectname)
> git remote --verbose
> git config --get commit.template
> git show --textconv :dev/pages/events/events_index.js
> git ls-files --stage -- /home/tsubase/vsProjects/webflow_library/dev/pages/events/events_index.js
> git cat-file -s a0d8e28d3260af2cc4ba159edf4d733bcb3d034e
> git status -z -u
> git symbolic-ref --short HEAD
> git for-each-ref --format=%(refname)%00%(upstream:short)%00%(upstream:track)%00%(objectname) refs/heads/master refs/remotes/master
> git for-each-ref --sort -committerdate --format %(refname) %(objectname) %(*objectname)
> git remote --verbose
> git config --get commit.template
> git ls-files --stage -- /home/tsubase/vsProjects/webflow_library/dev/pages/events/events_index.js
> git cat-file -s a0d8e28d3260af2cc4ba159edf4d733bcb3d034e
> git show --textconv :dev/pages/events/events_index.js
> git status -z -u
> git symbolic-ref --short HEAD
> git for-each-ref --format=%(refname)%00%(upstream:short)%00%(upstream:track)%00%(objectname) refs/heads/master refs/remotes/master
> git for-each-ref --sort -committerdate --format %(refname) %(objectname) %(*objectname)
> git remote --verbose
> git config --get commit.template
> git status -z -u
> git symbolic-ref --short HEAD
> git for-each-ref --format=%(refname)%00%(upstream:short)%00%(upstream:track)%00%(objectname) refs/heads/master refs/remotes/master
> git for-each-ref --sort -committerdate --format %(refname) %(objectname) %(*objectname)
> git remote --verbose
> git config --get commit.template
> git ls-files --stage -- /home/tsubase/vsProjects/webflow_library/dev/pages/events/events_index.js
> git cat-file -s a0d8e28d3260af2cc4ba159edf4d733bcb3d034e
> git show --textconv :dev/pages/events/events_index.js
> git status -z -u
> git symbolic-ref --short HEAD
> git for-each-ref --format=%(refname)%00%(upstream:short)%00%(upstream:track)%00%(objectname) refs/heads/master refs/remotes/master
> git for-each-ref --sort -committerdate --format %(refname) %(objectname) %(*objectname)
> git remote --verbose
> git config --get commit.template
> git ls-files --stage -- /home/tsubase/vsProjects/webflow_library/dev/pages/events/events_index.js
> git cat-file -s a0d8e28d3260af2cc4ba159edf4d733bcb3d034e
> git show --textconv :dev/pages/events/events_index.js
> git status -z -u
> git symbolic-ref --short HEAD
> git for-each-ref --format=%(refname)%00%(upstream:short)%00%(upstream:track)%00%(objectname) refs/heads/master refs/remotes/master
> git for-each-ref --sort -committerdate --format %(refname) %(objectname) %(*objectname)
> git remote --verbose
> git config --get commit.template
> git show --textconv :dev/pages/events/register.js
> git ls-files --stage -- /home/tsubase/vsProjects/webflow_library/dev/pages/events/register.js
> git cat-file -s 219abf447ff001de3befe6573f027c6c00c43418
> git show --textconv :dev/pages/challenges/team_profile/navigation.js
> git ls-files --stage -- /home/tsubase/vsProjects/webflow_library/dev/pages/challenges/team_profile/navigation.js
> git cat-file -s 1e733751075488bd48103b982d00e292dd1609df
> git status -z -u
> git symbolic-ref --short HEAD
> git for-each-ref --format=%(refname)%00%(upstream:short)%00%(upstream:track)%00%(objectname) refs/heads/master refs/remotes/master
> git for-each-ref --sort -committerdate --format %(refname) %(objectname) %(*objectname)
> git remote --verbose
> git config --get commit.template
> git status -z -u
> git symbolic-ref --short HEAD
> git for-each-ref --format=%(refname)%00%(upstream:short)%00%(upstream:track)%00%(objectname) refs/heads/master refs/remotes/master
> git for-each-ref --sort -committerdate --format %(refname) %(objectname) %(*objectname)
> git remote --verbose
> git config --get commit.template
> git status -z -u
> git symbolic-ref --short HEAD
> git for-each-ref --format=%(refname)%00%(upstream:short)%00%(upstream:track)%00%(objectname) refs/heads/master refs/remotes/master
> git for-each-ref --sort -committerdate --format %(refname) %(objectname) %(*objectname)
> git remote --verbose
> git config --get commit.template
> git status -z -u
> git symbolic-ref --short HEAD
> git for-each-ref --format=%(refname)%00%(upstream:short)%00%(upstream:track)%00%(objectname) refs/heads/master refs/remotes/master
> git for-each-ref --sort -committerdate --format %(refname) %(objectname) %(*objectname)
> git remote --verbose
> git config --get commit.template
> git status -z -u
> git symbolic-ref --short HEAD
> git for-each-ref --format=%(refname)%00%(upstream:short)%00%(upstream:track)%00%(objectname) refs/heads/master refs/remotes/master
> git for-each-ref --sort -committerdate --format %(refname) %(objectname) %(*objectname)
> git remote --verbose
> git config --get commit.template
> git status -z -u
> git symbolic-ref --short HEAD
> git for-each-ref --format=%(refname)%00%(upstream:short)%00%(upstream:track)%00%(objectname) refs/heads/master refs/remotes/master
> git for-each-ref --sort -committerdate --format %(refname) %(objectname) %(*objectname)
> git remote --verbose
> git config --get commit.template
> git status -z -u
> git symbolic-ref --short HEAD
> git for-each-ref --format=%(refname)%00%(upstream:short)%00%(upstream:track)%00%(objectname) refs/heads/master refs/remotes/master
> git for-each-ref --sort -committerdate --format %(refname) %(objectname) %(*objectname)
> git remote --verbose
> git config --get commit.template
> git status -z -u
> git symbolic-ref --short HEAD
> git for-each-ref --format=%(refname)%00%(upstream:short)%00%(upstream:track)%00%(objectname) refs/heads/master refs/remotes/master
> git for-each-ref --sort -committerdate --format %(refname) %(objectname) %(*objectname)
> git remote --verbose
> git config --get commit.template
> git status -z -u
> git symbolic-ref --short HEAD
> git for-each-ref --format=%(refname)%00%(upstream:short)%00%(upstream:track)%00%(objectname) refs/heads/master refs/remotes/master
> git for-each-ref --sort -committerdate --format %(refname) %(objectname) %(*objectname)
> git remote --verbose
> git config --get commit.template
> git status -z -u
> git symbolic-ref --short HEAD
> git for-each-ref --format=%(refname)%00%(upstream:short)%00%(upstream:track)%00%(objectname) refs/heads/master refs/remotes/master
> git for-each-ref --sort -committerdate --format %(refname) %(objectname) %(*objectname)
> git remote --verbose
> git config --get commit.template
> git status -z -u
> git symbolic-ref --short HEAD
> git for-each-ref --format=%(refname)%00%(upstream:short)%00%(upstream:track)%00%(objectname) refs/heads/master refs/remotes/master
> git for-each-ref --sort -committerdate --format %(refname) %(objectname) %(*objectname)
> git remote --verbose
> git config --get commit.template
> git status -z -u
> git symbolic-ref --short HEAD
> git for-each-ref --format=%(refname)%00%(upstream:short)%00%(upstream:track)%00%(objectname) refs/heads/master refs/remotes/master
> git for-each-ref --sort -committerdate --format %(refname) %(objectname) %(*objectname)
> git remote --verbose
> git config --get commit.template
> git status -z -u
> git symbolic-ref --short HEAD
> git for-each-ref --format=%(refname)%00%(upstream:short)%00%(upstream:track)%00%(objectname) refs/heads/master refs/remotes/master
> git for-each-ref --sort -committerdate --format %(refname) %(objectname) %(*objectname)
> git remote --verbose
> git config --get commit.template
> git status -z -u
> git symbolic-ref --short HEAD
> git for-each-ref --format=%(refname)%00%(upstream:short)%00%(upstream:track)%00%(objectname) refs/heads/master refs/remotes/master
> git for-each-ref --sort -committerdate --format %(refname) %(objectname) %(*objectname)
> git remote --verbose
> git config --get commit.template
> git status -z -u
> git symbolic-ref --short HEAD
> git for-each-ref --format=%(refname)%00%(upstream:short)%00%(upstream:track)%00%(objectname) refs/heads/master refs/remotes/master
> git for-each-ref --sort -committerdate --format %(refname) %(objectname) %(*objectname)
> git remote --verbose
> git config --get commit.template
> git status -z -u
> git symbolic-ref --short HEAD
> git for-each-ref --format=%(refname)%00%(upstream:short)%00%(upstream:track)%00%(objectname) refs/heads/master refs/remotes/master
> git for-each-ref --sort -committerdate --format %(refname) %(objectname) %(*objectname)
> git remote --verbose
> git config --get commit.template
> git status -z -u
> git symbolic-ref --short HEAD
> git for-each-ref --format=%(refname)%00%(upstream:short)%00%(upstream:track)%00%(objectname) refs/heads/master refs/remotes/master
> git for-each-ref --sort -committerdate --format %(refname) %(objectname) %(*objectname)
> git remote --verbose
> git config --get commit.template
> git status -z -u
> git symbolic-ref --short HEAD
> git for-each-ref --format=%(refname)%00%(upstream:short)%00%(upstream:track)%00%(objectname) refs/heads/master refs/remotes/master
> git for-each-ref --sort -committerdate --format %(refname) %(objectname) %(*objectname)
> git remote --verbose
> git config --get commit.template
> git status -z -u
> git symbolic-ref --short HEAD
> git for-each-ref --format=%(refname)%00%(upstream:short)%00%(upstream:track)%00%(objectname) refs/heads/master refs/remotes/master
> git for-each-ref --sort -committerdate --format %(refname) %(objectname) %(*objectname)
> git remote --verbose
> git config --get commit.template
> git status -z -u
> git symbolic-ref --short HEAD
> git for-each-ref --format=%(refname)%00%(upstream:short)%00%(upstream:track)%00%(objectname) refs/heads/master refs/remotes/master
> git for-each-ref --sort -committerdate --format %(refname) %(objectname) %(*objectname)
> git remote --verbose
> git config --get commit.template
> git ls-files --stage -- /home/tsubase/vsProjects/webflow_library/dev/pages/challenges/team_profile/navigation.js
> git cat-file -s 8f3773aff7d7c231c5c932840fba820794ee791e
> git show --textconv :dev/pages/challenges/team_profile/navigation.js
> git status -z -u
> git symbolic-ref --short HEAD
> git for-each-ref --format=%(refname)%00%(upstream:short)%00%(upstream:track)%00%(objectname) refs/heads/master refs/remotes/master
> git for-each-ref --sort -committerdate --format %(refname) %(objectname) %(*objectname)
> git remote --verbose
> git config --get commit.template
> git status -z -u
> git symbolic-ref --short HEAD
> git for-each-ref --format=%(refname)%00%(upstream:short)%00%(upstream:track)%00%(objectname) refs/heads/master refs/remotes/master
> git for-each-ref --sort -committerdate --format %(refname) %(objectname) %(*objectname)
> git remote --verbose
> git config --get commit.template
> git status -z -u
> git symbolic-ref --short HEAD
> git for-each-ref --format=%(refname)%00%(upstream:short)%00%(upstream:track)%00%(objectname) refs/heads/master refs/remotes/master
> git for-each-ref --sort -committerdate --format %(refname) %(objectname) %(*objectname)
> git remote --verbose
> git config --get commit.template
> git ls-files --stage -- /home/tsubase/vsProjects/webflow_library/dev/pages/challenges/team_profile/navigation.js
> git cat-file -s 36c0b7400ed954348db54cdd041453e0ec66dd53
> git show --textconv :dev/pages/challenges/team_profile/navigation.js
> git status -z -u
> git symbolic-ref --short HEAD
> git for-each-ref --format=%(refname)%00%(upstream:short)%00%(upstream:track)%00%(objectname) refs/heads/master refs/remotes/master
> git for-each-ref --sort -committerdate --format %(refname) %(objectname) %(*objectname)
> git remote --verbose
> git config --get commit.template
> git ls-files --stage -- /home/tsubase/vsProjects/webflow_library/dev/pages/challenges/team_profile/navigation.js
> git cat-file -s 36c0b7400ed954348db54cdd041453e0ec66dd53
> git show --textconv :dev/pages/challenges/team_profile/navigation.js
> git status -z -u
> git symbolic-ref --short HEAD
> git for-each-ref --format=%(refname)%00%(upstream:short)%00%(upstream:track)%00%(objectname) refs/heads/master refs/remotes/master
> git for-each-ref --sort -committerdate --format %(refname) %(objectname) %(*objectname)
> git remote --verbose
> git config --get commit.template
> git status -z -u
> git symbolic-ref --short HEAD
> git for-each-ref --format=%(refname)%00%(upstream:short)%00%(upstream:track)%00%(objectname) refs/heads/master refs/remotes/master
> git for-each-ref --sort -committerdate --format %(refname) %(objectname) %(*objectname)
> git remote --verbose
> git config --get commit.template
> git ls-files --stage -- /home/tsubase/vsProjects/webflow_library/dev/pages/challenges/team_profile/navigation.js
> git cat-file -s 36c0b7400ed954348db54cdd041453e0ec66dd53
> git show --textconv :dev/pages/challenges/team_profile/navigation.js
> git status -z -u
> git symbolic-ref --short HEAD
> git for-each-ref --format=%(refname)%00%(upstream:short)%00%(upstream:track)%00%(objectname) refs/heads/master refs/remotes/master
> git for-each-ref --sort -committerdate --format %(refname) %(objectname) %(*objectname)
> git remote --verbose
> git config --get commit.template
> git status -z -u
> git symbolic-ref --short HEAD
> git for-each-ref --format=%(refname)%00%(upstream:short)%00%(upstream:track)%00%(objectname) refs/heads/master refs/remotes/master
> git for-each-ref --sort -committerdate --format %(refname) %(objectname) %(*objectname)
> git remote --verbose
> git config --get commit.template
> git ls-files --stage -- /home/tsubase/vsProjects/webflow_library/dev/pages/challenges/team_profile/navigation.js
> git cat-file -s 36c0b7400ed954348db54cdd041453e0ec66dd53
> git show --textconv :dev/pages/challenges/team_profile/navigation.js
> git status -z -u
> git symbolic-ref --short HEAD
> git for-each-ref --format=%(refname)%00%(upstream:short)%00%(upstream:track)%00%(objectname) refs/heads/master refs/remotes/master
> git for-each-ref --sort -committerdate --format %(refname) %(objectname) %(*objectname)
> git remote --verbose
> git config --get commit.template
> git status -z -u
> git symbolic-ref --short HEAD
> git for-each-ref --format=%(refname)%00%(upstream:short)%00%(upstream:track)%00%(objectname) refs/heads/master refs/remotes/master
> git for-each-ref --sort -committerdate --format %(refname) %(objectname) %(*objectname)
> git remote --verbose
> git config --get commit.template
> git ls-files --stage -- /home/tsubase/vsProjects/webflow_library/dev/pages/challenges/team_profile/navigation.js
> git cat-file -s 36c0b7400ed954348db54cdd041453e0ec66dd53
> git show --textconv :dev/pages/challenges/team_profile/navigation.js
> git ls-files --stage -- /home/tsubase/vsProjects/webflow_library/dev/pages/challenges/team_profile/navigation.js
> git cat-file -s 36c0b7400ed954348db54cdd041453e0ec66dd53
> git show --textconv :dev/pages/challenges/team_profile/navigation.js
> git status -z -u
> git symbolic-ref --short HEAD
> git for-each-ref --format=%(refname)%00%(upstream:short)%00%(upstream:track)%00%(objectname) refs/heads/master refs/remotes/master
> git for-each-ref --sort -committerdate --format %(refname) %(objectname) %(*objectname)
> git remote --verbose
> git config --get commit.template
> git status -z -u
> git symbolic-ref --short HEAD
> git for-each-ref --format=%(refname)%00%(upstream:short)%00%(upstream:track)%00%(objectname) refs/heads/master refs/remotes/master
> git for-each-ref --sort -committerdate --format %(refname) %(objectname) %(*objectname)
> git remote --verbose
> git config --get commit.template
> git ls-files --stage -- /home/tsubase/vsProjects/webflow_library/dev/pages/challenges/team_profile/navigation.js
> git cat-file -s 36c0b7400ed954348db54cdd041453e0ec66dd53
> git show --textconv :dev/pages/challenges/team_profile/navigation.js
> git status -z -u
> git symbolic-ref --short HEAD
> git for-each-ref --format=%(refname)%00%(upstream:short)%00%(upstream:track)%00%(objectname) refs/heads/master refs/remotes/master
> git for-each-ref --sort -committerdate --format %(refname) %(objectname) %(*objectname)
> git remote --verbose
> git config --get commit.template
> git show --textconv :dev/pages/challenges/team_profile/team_profile.js
> git ls-files --stage -- /home/tsubase/vsProjects/webflow_library/dev/pages/challenges/team_profile/team_profile.js
> git cat-file -s 1658587c47100f1dc35f49740798367940e743ca
> git show --textconv :dev/pages/challenges/team_profile/post_request.js
> git ls-files --stage -- /home/tsubase/vsProjects/webflow_library/dev/pages/challenges/team_profile/post_request.js
> git cat-file -s 74afc0cab781caaa8705dcc44d1cfcf2035d172f
> git show --textconv :dev/pages/challenges/team_profile/render_next.js
> git ls-files --stage -- /home/tsubase/vsProjects/webflow_library/dev/pages/challenges/team_profile/render_next.js
> git cat-file -s fc45460a17be22d6e7a417621b42766e2ca85ea0
> git show --textconv :dev/pages/challenges/team_profile/navigation.js
> git ls-files --stage -- /home/tsubase/vsProjects/webflow_library/dev/pages/challenges/team_profile/navigation.js
> git cat-file -s 36c0b7400ed954348db54cdd041453e0ec66dd53
> git status -z -u
> git symbolic-ref --short HEAD
> git for-each-ref --format=%(refname)%00%(upstream:short)%00%(upstream:track)%00%(objectname) refs/heads/master refs/remotes/master
> git for-each-ref --sort -committerdate --format %(refname) %(objectname) %(*objectname)
> git remote --verbose
> git config --get commit.template
> git status -z -u
> git symbolic-ref --short HEAD
> git for-each-ref --format=%(refname)%00%(upstream:short)%00%(upstream:track)%00%(objectname) refs/heads/master refs/remotes/master
> git for-each-ref --sort -committerdate --format %(refname) %(objectname) %(*objectname)
> git remote --verbose
> git config --get commit.template
> git status -z -u
> git symbolic-ref --short HEAD
> git for-each-ref --format=%(refname)%00%(upstream:short)%00%(upstream:track)%00%(objectname) refs/heads/master refs/remotes/master
> git for-each-ref --sort -committerdate --format %(refname) %(objectname) %(*objectname)
> git remote --verbose
> git config --get commit.template
> git status -z -u
> git symbolic-ref --short HEAD
> git for-each-ref --format=%(refname)%00%(upstream:short)%00%(upstream:track)%00%(objectname) refs/heads/master refs/remotes/master
> git for-each-ref --sort -committerdate --format %(refname) %(objectname) %(*objectname)
> git remote --verbose
> git config --get commit.template
> git status -z -u
> git symbolic-ref --short HEAD
> git for-each-ref --format=%(refname)%00%(upstream:short)%00%(upstream:track)%00%(objectname) refs/heads/master refs/remotes/master
> git for-each-ref --sort -committerdate --format %(refname) %(objectname) %(*objectname)
> git remote --verbose
> git config --get commit.template
> git status -z -u
> git symbolic-ref --short HEAD
> git for-each-ref --format=%(refname)%00%(upstream:short)%00%(upstream:track)%00%(objectname) refs/heads/master refs/remotes/master
> git for-each-ref --sort -committerdate --format %(refname) %(objectname) %(*objectname)
> git remote --verbose
> git config --get commit.template
> git status -z -u
> git symbolic-ref --short HEAD
> git for-each-ref --format=%(refname)%00%(upstream:short)%00%(upstream:track)%00%(objectname) refs/heads/master refs/remotes/master
> git for-each-ref --sort -committerdate --format %(refname) %(objectname) %(*objectname)
> git remote --verbose
> git config --get commit.template
> git status -z -u
> git symbolic-ref --short HEAD
> git for-each-ref --format=%(refname)%00%(upstream:short)%00%(upstream:track)%00%(objectname) refs/heads/master refs/remotes/master
> git for-each-ref --sort -committerdate --format %(refname) %(objectname) %(*objectname)
> git remote --verbose
> git config --get commit.template
> git status -z -u
> git symbolic-ref --short HEAD
> git for-each-ref --format=%(refname)%00%(upstream:short)%00%(upstream:track)%00%(objectname) refs/heads/master refs/remotes/master
> git for-each-ref --sort -committerdate --format %(refname) %(objectname) %(*objectname)
> git remote --verbose
> git config --get commit.template
> git status -z -u
> git symbolic-ref --short HEAD
> git for-each-ref --format=%(refname)%00%(upstream:short)%00%(upstream:track)%00%(objectname) refs/heads/master refs/remotes/master
> git for-each-ref --sort -committerdate --format %(refname) %(objectname) %(*objectname)
> git remote --verbose
> git config --get commit.template
> git status -z -u
> git symbolic-ref --short HEAD
> git for-each-ref --format=%(refname)%00%(upstream:short)%00%(upstream:track)%00%(objectname) refs/heads/master refs/remotes/master
> git for-each-ref --sort -committerdate --format %(refname) %(objectname) %(*objectname)
> git remote --verbose
> git config --get commit.template
> git show --textconv :dev/pages/challenges/team_profile/index.js
> git ls-files --stage -- /home/tsubase/vsProjects/webflow_library/dev/pages/challenges/team_profile/index.js
> git cat-file -s 450d030aa6432c8230a732fabdf7597da929e062
> git show --textconv :dev/pages/challenges/team_profile/navigation.js
> git ls-files --stage -- /home/tsubase/vsProjects/webflow_library/dev/pages/challenges/team_profile/navigation.js
> git cat-file -s 36c0b7400ed954348db54cdd041453e0ec66dd53
> git show --textconv :dev/pages/events/register.js
> git ls-files --stage -- /home/tsubase/vsProjects/webflow_library/dev/pages/events/register.js
> git cat-file -s 479aee6cdf4cec5c0a9f0286de618d2532104cd8
> git show --textconv :dev/pages/challenges/team_profile/forms.js
> git ls-files --stage -- /home/tsubase/vsProjects/webflow_library/dev/pages/challenges/team_profile/forms.js
> git cat-file -s 352cc801cb7a986eac0e54fcc339506c208e8f03
> git show --textconv :dev/pages/challenges/team_profile/team_profile.js
> git ls-files --stage -- /home/tsubase/vsProjects/webflow_library/dev/pages/challenges/team_profile/team_profile.js
> git cat-file -s 1658587c47100f1dc35f49740798367940e743ca
> git show --textconv :dev/pages/challenges/team_profile/submit_solution.js
> git ls-files --stage -- /home/tsubase/vsProjects/webflow_library/dev/pages/challenges/team_profile/submit_solution.js
> git check-ignore -v -z --stdin
> git status -z -u
> git symbolic-ref --short HEAD
> git for-each-ref --format=%(refname)%00%(upstream:short)%00%(upstream:track)%00%(objectname) refs/heads/master refs/remotes/master
> git for-each-ref --sort -committerdate --format %(refname) %(objectname) %(*objectname)
> git remote --verbose
> git config --get commit.template
> git show --textconv :dev/pages/challenges/team_profile/team_profile.js
> git ls-files --stage -- /home/tsubase/vsProjects/webflow_library/dev/pages/challenges/team_profile/team_profile.js
> git cat-file -s 1658587c47100f1dc35f49740798367940e743ca
> git show --textconv :dev/pages/challenges/team_profile/submit_solution.js
> git ls-files --stage -- /home/tsubase/vsProjects/webflow_library/dev/pages/challenges/team_profile/submit_solution.js
> git show --textconv :dev/pages/challenges/team_profile/team_profile.js
> git ls-files --stage -- /home/tsubase/vsProjects/webflow_library/dev/pages/challenges/team_profile/team_profile.js
> git cat-file -s 1658587c47100f1dc35f49740798367940e743ca
> git show --textconv :dev/pages/challenges/team_profile/submit_solution.js
> git ls-files --stage -- /home/tsubase/vsProjects/webflow_library/dev/pages/challenges/team_profile/submit_solution.js
> git show --textconv :dev/pages/challenges/team_profile/team_profile.js
> git ls-files --stage -- /home/tsubase/vsProjects/webflow_library/dev/pages/challenges/team_profile/team_profile.js
> git cat-file -s 1658587c47100f1dc35f49740798367940e743ca
> git check-ignore -v -z --stdin
> git show --textconv :dev/pages/challenges/update_team/upload_files.js
> git ls-files --stage -- /home/tsubase/vsProjects/webflow_library/dev/pages/challenges/update_team/upload_files.js
> git cat-file -s 41831479eff11424dfb614961c6439162aeffbde
> git show --textconv :dev/pages/challenges/team_profile/submit_solution.js
> git ls-files --stage -- /home/tsubase/vsProjects/webflow_library/dev/pages/challenges/team_profile/submit_solution.js
> git status -z -u
> git symbolic-ref --short HEAD
> git for-each-ref --format=%(refname)%00%(upstream:short)%00%(upstream:track)%00%(objectname) refs/heads/master refs/remotes/master
> git for-each-ref --sort -committerdate --format %(refname) %(objectname) %(*objectname)
> git remote --verbose
> git config --get commit.template
> git show --textconv :dev/pages/challenges/update_team/submission.js
> git ls-files --stage -- /home/tsubase/vsProjects/webflow_library/dev/pages/challenges/update_team/submission.js
> git cat-file -s d9621e7ba7893f4d4bdbccecb50bf184473b28a7
> git show --textconv :dev/pages/challenges/team_profile/submit_solution.js
> git ls-files --stage -- /home/tsubase/vsProjects/webflow_library/dev/pages/challenges/team_profile/submit_solution.js
> git status -z -u
> git symbolic-ref --short HEAD
> git for-each-ref --format=%(refname)%00%(upstream:short)%00%(upstream:track)%00%(objectname) refs/heads/master refs/remotes/master
> git for-each-ref --sort -committerdate --format %(refname) %(objectname) %(*objectname)
> git remote --verbose
> git config --get commit.template
> git status -z -u
> git symbolic-ref --short HEAD
> git for-each-ref --format=%(refname)%00%(upstream:short)%00%(upstream:track)%00%(objectname) refs/heads/master refs/remotes/master
> git for-each-ref --sort -committerdate --format %(refname) %(objectname) %(*objectname)
> git remote --verbose
> git config --get commit.template
> git status -z -u
> git symbolic-ref --short HEAD
> git for-each-ref --format=%(refname)%00%(upstream:short)%00%(upstream:track)%00%(objectname) refs/heads/master refs/remotes/master
> git for-each-ref --sort -committerdate --format %(refname) %(objectname) %(*objectname)
> git remote --verbose
> git config --get commit.template
> git status -z -u
> git symbolic-ref --short HEAD
> git for-each-ref --format=%(refname)%00%(upstream:short)%00%(upstream:track)%00%(objectname) refs/heads/master refs/remotes/master
> git for-each-ref --sort -committerdate --format %(refname) %(objectname) %(*objectname)
> git remote --verbose
> git config --get commit.template
> git status -z -u
> git symbolic-ref --short HEAD
> git for-each-ref --format=%(refname)%00%(upstream:short)%00%(upstream:track)%00%(objectname) refs/heads/master refs/remotes/master
> git for-each-ref --sort -committerdate --format %(refname) %(objectname) %(*objectname)
> git remote --verbose
> git config --get commit.template
> git show --textconv :dev/pages/challenges/team_profile/index.js
> git ls-files --stage -- /home/tsubase/vsProjects/webflow_library/dev/pages/challenges/team_profile/index.js
> git cat-file -s 450d030aa6432c8230a732fabdf7597da929e062
> git show --textconv :dev/pages/challenges/team_profile/submit_solution.js
> git ls-files --stage -- /home/tsubase/vsProjects/webflow_library/dev/pages/challenges/team_profile/submit_solution.js
> git status -z -u
> git symbolic-ref --short HEAD
> git for-each-ref --format=%(refname)%00%(upstream:short)%00%(upstream:track)%00%(objectname) refs/heads/master refs/remotes/master
> git for-each-ref --sort -committerdate --format %(refname) %(objectname) %(*objectname)
> git remote --verbose
> git config --get commit.template
> git status -z -u
> git symbolic-ref --short HEAD
> git for-each-ref --format=%(refname)%00%(upstream:short)%00%(upstream:track)%00%(objectname) refs/heads/master refs/remotes/master
> git for-each-ref --sort -committerdate --format %(refname) %(objectname) %(*objectname)
> git remote --verbose
> git config --get commit.template
> git status -z -u
> git symbolic-ref --short HEAD
> git for-each-ref --format=%(refname)%00%(upstream:short)%00%(upstream:track)%00%(objectname) refs/heads/master refs/remotes/master
> git for-each-ref --sort -committerdate --format %(refname) %(objectname) %(*objectname)
> git remote --verbose
> git config --get commit.template
> git status -z -u
> git symbolic-ref --short HEAD
> git for-each-ref --format=%(refname)%00%(upstream:short)%00%(upstream:track)%00%(objectname) refs/heads/master refs/remotes/master
> git for-each-ref --sort -committerdate --format %(refname) %(objectname) %(*objectname)
> git remote --verbose
> git config --get commit.template
> git show --textconv :dev/pages/challenges/team_profile/post_request.js
> git ls-files --stage -- /home/tsubase/vsProjects/webflow_library/dev/pages/challenges/team_profile/post_request.js
> git cat-file -s 74afc0cab781caaa8705dcc44d1cfcf2035d172f
> git show --textconv :dev/pages/challenges/team_profile/navigation.js
> git ls-files --stage -- /home/tsubase/vsProjects/webflow_library/dev/pages/challenges/team_profile/navigation.js
> git cat-file -s 36c0b7400ed954348db54cdd041453e0ec66dd53
> git show --textconv :dev/pages/challenges/team_profile/submit_solution.js
> git ls-files --stage -- /home/tsubase/vsProjects/webflow_library/dev/pages/challenges/team_profile/submit_solution.js
> git show --textconv :dev/pages/challenges/team_profile/post_request.js
> git ls-files --stage -- /home/tsubase/vsProjects/webflow_library/dev/pages/challenges/team_profile/post_request.js
> git cat-file -s 74afc0cab781caaa8705dcc44d1cfcf2035d172f
> git status -z -u
> git symbolic-ref --short HEAD
> git for-each-ref --format=%(refname)%00%(upstream:short)%00%(upstream:track)%00%(objectname) refs/heads/master refs/remotes/master
> git for-each-ref --sort -committerdate --format %(refname) %(objectname) %(*objectname)
> git remote --verbose
> git config --get commit.template
> git status -z -u
> git symbolic-ref --short HEAD
> git for-each-ref --format=%(refname)%00%(upstream:short)%00%(upstream:track)%00%(objectname) refs/heads/master refs/remotes/master
> git for-each-ref --sort -committerdate --format %(refname) %(objectname) %(*objectname)
> git remote --verbose
> git config --get commit.template
> git show --textconv :dev/pages/events/register.js
> git ls-files --stage -- /home/tsubase/vsProjects/webflow_library/dev/pages/events/register.js
> git cat-file -s 479aee6cdf4cec5c0a9f0286de618d2532104cd8
> git show --textconv :dev/pages/challenges/team_profile/post_request.js
> git ls-files --stage -- /home/tsubase/vsProjects/webflow_library/dev/pages/challenges/team_profile/post_request.js
> git cat-file -s 74afc0cab781caaa8705dcc44d1cfcf2035d172f
> git status -z -u
> git symbolic-ref --short HEAD
> git for-each-ref --format=%(refname)%00%(upstream:short)%00%(upstream:track)%00%(objectname) refs/heads/master refs/remotes/master
> git for-each-ref --sort -committerdate --format %(refname) %(objectname) %(*objectname)
> git remote --verbose
> git config --get commit.template
> git status -z -u
> git symbolic-ref --short HEAD
> git for-each-ref --format=%(refname)%00%(upstream:short)%00%(upstream:track)%00%(objectname) refs/heads/master refs/remotes/master
> git for-each-ref --sort -committerdate --format %(refname) %(objectname) %(*objectname)
> git remote --verbose
> git config --get commit.template
> git status -z -u
> git symbolic-ref --short HEAD
> git for-each-ref --format=%(refname)%00%(upstream:short)%00%(upstream:track)%00%(objectname) refs/heads/master refs/remotes/master
> git for-each-ref --sort -committerdate --format %(refname) %(objectname) %(*objectname)
> git remote --verbose
> git config --get commit.template
> git show --textconv :dev/pages/challenges/team_profile/submit_solution.js
> git ls-files --stage -- /home/tsubase/vsProjects/webflow_library/dev/pages/challenges/team_profile/submit_solution.js
> git status -z -u
> git symbolic-ref --short HEAD
> git for-each-ref --format=%(refname)%00%(upstream:short)%00%(upstream:track)%00%(objectname) refs/heads/master refs/remotes/master
> git for-each-ref --sort -committerdate --format %(refname) %(objectname) %(*objectname)
> git remote --verbose
> git config --get commit.template
> git show --textconv :dev/pages/challenges/team_profile/navigation.js
> git ls-files --stage -- /home/tsubase/vsProjects/webflow_library/dev/pages/challenges/team_profile/navigation.js
> git cat-file -s 36c0b7400ed954348db54cdd041453e0ec66dd53
> git show --textconv :dev/pages/challenges/team_profile/post_request.js
> git ls-files --stage -- /home/tsubase/vsProjects/webflow_library/dev/pages/challenges/team_profile/post_request.js
> git cat-file -s 74afc0cab781caaa8705dcc44d1cfcf2035d172f
> git show --textconv :dev/pages/challenges/team_profile/navigation.js
> git ls-files --stage -- /home/tsubase/vsProjects/webflow_library/dev/pages/challenges/team_profile/navigation.js
> git cat-file -s 36c0b7400ed954348db54cdd041453e0ec66dd53
> git status -z -u
> git symbolic-ref --short HEAD
> git for-each-ref --format=%(refname)%00%(upstream:short)%00%(upstream:track)%00%(objectname) refs/heads/master refs/remotes/master
> git for-each-ref --sort -committerdate --format %(refname) %(objectname) %(*objectname)
> git remote --verbose
> git config --get commit.template
> git show --textconv :dev/pages/challenges/team_profile/submit_solution.js
> git ls-files --stage -- /home/tsubase/vsProjects/webflow_library/dev/pages/challenges/team_profile/submit_solution.js
> git status -z -u
> git symbolic-ref --short HEAD
> git for-each-ref --format=%(refname)%00%(upstream:short)%00%(upstream:track)%00%(objectname) refs/heads/master refs/remotes/master
> git for-each-ref --sort -committerdate --format %(refname) %(objectname) %(*objectname)
> git remote --verbose
> git config --get commit.template
> git show --textconv :dev/pages/challenges/update_team/update_team.js
> git ls-files --stage -- /home/tsubase/vsProjects/webflow_library/dev/pages/challenges/update_team/update_team.js
> git cat-file -s 6e17789c2e59e545b67ad2ece15c6851301b9970
> git show --textconv :dev/pages/challenges/update_team/team_profile.js
> git ls-files --stage -- /home/tsubase/vsProjects/webflow_library/dev/pages/challenges/update_team/team_profile.js
> git cat-file -s 9906fd3c3fb87e0ce232be156ae4d9e29d2c3a35
> git show --textconv :dev/pages/challenges/update_team/submission.js
> git ls-files --stage -- /home/tsubase/vsProjects/webflow_library/dev/pages/challenges/update_team/submission.js
> git cat-file -s d9621e7ba7893f4d4bdbccecb50bf184473b28a7
> git show --textconv :dev/pages/challenges/team_profile/submit_solution.js
> git ls-files --stage -- /home/tsubase/vsProjects/webflow_library/dev/pages/challenges/team_profile/submit_solution.js
> git status -z -u
> git symbolic-ref --short HEAD
> git for-each-ref --format=%(refname)%00%(upstream:short)%00%(upstream:track)%00%(objectname) refs/heads/master refs/remotes/master
> git for-each-ref --sort -committerdate --format %(refname) %(objectname) %(*objectname)
> git remote --verbose
> git config --get commit.template
> git status -z -u
> git symbolic-ref --short HEAD
> git for-each-ref --format=%(refname)%00%(upstream:short)%00%(upstream:track)%00%(objectname) refs/heads/master refs/remotes/master
> git for-each-ref --sort -committerdate --format %(refname) %(objectname) %(*objectname)
> git remote --verbose
> git config --get commit.template
> git show --textconv :dev/pages/challenges/team_profile/team_profile.js
> git ls-files --stage -- /home/tsubase/vsProjects/webflow_library/dev/pages/challenges/team_profile/team_profile.js
> git cat-file -s 1658587c47100f1dc35f49740798367940e743ca
> git show --textconv :dev/pages/challenges/update_team/team_profile.js
> git ls-files --stage -- /home/tsubase/vsProjects/webflow_library/dev/pages/challenges/update_team/team_profile.js
> git cat-file -s 9906fd3c3fb87e0ce232be156ae4d9e29d2c3a35
> git show --textconv :dev/pages/challenges/update_team/submission.js
> git ls-files --stage -- /home/tsubase/vsProjects/webflow_library/dev/pages/challenges/update_team/submission.js
> git cat-file -s d9621e7ba7893f4d4bdbccecb50bf184473b28a7
> git show --textconv :dev/pages/challenges/team_profile/submit_solution.js
> git ls-files --stage -- /home/tsubase/vsProjects/webflow_library/dev/pages/challenges/team_profile/submit_solution.js
> git status -z -u
> git symbolic-ref --short HEAD
> git for-each-ref --format=%(refname)%00%(upstream:short)%00%(upstream:track)%00%(objectname) refs/heads/master refs/remotes/master
> git for-each-ref --sort -committerdate --format %(refname) %(objectname) %(*objectname)
> git remote --verbose
> git config --get commit.template
> git show --textconv :dev/pages/challenges/team_profile/team_profile.js
> git ls-files --stage -- /home/tsubase/vsProjects/webflow_library/dev/pages/challenges/team_profile/team_profile.js
> git cat-file -s 1658587c47100f1dc35f49740798367940e743ca
> git show --textconv :dev/pages/challenges/update_team/upload_files.js
> git ls-files --stage -- /home/tsubase/vsProjects/webflow_library/dev/pages/challenges/update_team/upload_files.js
> git cat-file -s 41831479eff11424dfb614961c6439162aeffbde
> git status -z -u
> git symbolic-ref --short HEAD
> git for-each-ref --format=%(refname)%00%(upstream:short)%00%(upstream:track)%00%(objectname) refs/heads/master refs/remotes/master
> git for-each-ref --sort -committerdate --format %(refname) %(objectname) %(*objectname)
> git remote --verbose
> git config --get commit.template
> git show --textconv :dev/pages/challenges/team_profile/upload_files.js
> git ls-files --stage -- /home/tsubase/vsProjects/webflow_library/dev/pages/challenges/team_profile/upload_files.js
> git check-ignore -v -z --stdin
> git status -z -u
> git symbolic-ref --short HEAD
> git for-each-ref --format=%(refname)%00%(upstream:short)%00%(upstream:track)%00%(objectname) refs/heads/master refs/remotes/master
> git for-each-ref --sort -committerdate --format %(refname) %(objectname) %(*objectname)
> git remote --verbose
> git config --get commit.template
> git status -z -u
> git symbolic-ref --short HEAD
> git for-each-ref --format=%(refname)%00%(upstream:short)%00%(upstream:track)%00%(objectname) refs/heads/master refs/remotes/master
> git for-each-ref --sort -committerdate --format %(refname) %(objectname) %(*objectname)
> git remote --verbose
> git config --get commit.template
> git status -z -u
> git symbolic-ref --short HEAD
> git for-each-ref --format=%(refname)%00%(upstream:short)%00%(upstream:track)%00%(objectname) refs/heads/master refs/remotes/master
> git for-each-ref --sort -committerdate --format %(refname) %(objectname) %(*objectname)
> git remote --verbose
> git config --get commit.template
> git show --textconv :dev/pages/challenges/team_profile/forms.js
> git ls-files --stage -- /home/tsubase/vsProjects/webflow_library/dev/pages/challenges/team_profile/forms.js
> git cat-file -s 352cc801cb7a986eac0e54fcc339506c208e8f03
> git show --textconv :dev/pages/challenges/team_profile/submit_solution.js
> git ls-files --stage -- /home/tsubase/vsProjects/webflow_library/dev/pages/challenges/team_profile/submit_solution.js
> git status -z -u
> git symbolic-ref --short HEAD
> git for-each-ref --format=%(refname)%00%(upstream:short)%00%(upstream:track)%00%(objectname) refs/heads/master refs/remotes/master
> git for-each-ref --sort -committerdate --format %(refname) %(objectname) %(*objectname)
> git remote --verbose
> git config --get commit.template
> git show --textconv :dev/pages/challenges/update_team/upload_files.js
> git ls-files --stage -- /home/tsubase/vsProjects/webflow_library/dev/pages/challenges/update_team/upload_files.js
> git cat-file -s 41831479eff11424dfb614961c6439162aeffbde
> git status -z -u
> git symbolic-ref --short HEAD
> git for-each-ref --format=%(refname)%00%(upstream:short)%00%(upstream:track)%00%(objectname) refs/heads/master refs/remotes/master
> git for-each-ref --sort -committerdate --format %(refname) %(objectname) %(*objectname)
> git remote --verbose
> git config --get commit.template
> git show --textconv :dev/pages/challenges/team_profile/team_profile.js
> git ls-files --stage -- /home/tsubase/vsProjects/webflow_library/dev/pages/challenges/team_profile/team_profile.js
> git cat-file -s 1658587c47100f1dc35f49740798367940e743ca
> git show --textconv :dev/pages/challenges/team_profile/submit_solution.js
> git ls-files --stage -- /home/tsubase/vsProjects/webflow_library/dev/pages/challenges/team_profile/submit_solution.js
> git status -z -u
> git symbolic-ref --short HEAD
> git for-each-ref --format=%(refname)%00%(upstream:short)%00%(upstream:track)%00%(objectname) refs/heads/master refs/remotes/master
> git for-each-ref --sort -committerdate --format %(refname) %(objectname) %(*objectname)
> git remote --verbose
> git config --get commit.template
> git status -z -u
> git symbolic-ref --short HEAD
> git for-each-ref --format=%(refname)%00%(upstream:short)%00%(upstream:track)%00%(objectname) refs/heads/master refs/remotes/master
> git for-each-ref --sort -committerdate --format %(refname) %(objectname) %(*objectname)
> git remote --verbose
> git config --get commit.template
> git status -z -u
> git symbolic-ref --short HEAD
> git for-each-ref --format=%(refname)%00%(upstream:short)%00%(upstream:track)%00%(objectname) refs/heads/master refs/remotes/master
> git for-each-ref --sort -committerdate --format %(refname) %(objectname) %(*objectname)
> git remote --verbose
> git config --get commit.template
> git status -z -u
> git symbolic-ref --short HEAD
> git for-each-ref --format=%(refname)%00%(upstream:short)%00%(upstream:track)%00%(objectname) refs/heads/master refs/remotes/master
> git for-each-ref --sort -committerdate --format %(refname) %(objectname) %(*objectname)
> git remote --verbose
> git config --get commit.template
> git status -z -u
> git symbolic-ref --short HEAD
> git for-each-ref --format=%(refname)%00%(upstream:short)%00%(upstream:track)%00%(objectname) refs/heads/master refs/remotes/master
> git for-each-ref --sort -committerdate --format %(refname) %(objectname) %(*objectname)
> git remote --verbose
> git config --get commit.template
> git status -z -u
> git symbolic-ref --short HEAD
> git for-each-ref --format=%(refname)%00%(upstream:short)%00%(upstream:track)%00%(objectname) refs/heads/master refs/remotes/master
> git for-each-ref --sort -committerdate --format %(refname) %(objectname) %(*objectname)
> git remote --verbose
> git config --get commit.template
> git show --textconv :dev/pages/challenges/team_profile/team_profile.js
> git ls-files --stage -- /home/tsubase/vsProjects/webflow_library/dev/pages/challenges/team_profile/team_profile.js
> git cat-file -s 1658587c47100f1dc35f49740798367940e743ca
> git show --textconv :dev/pages/challenges/team_profile/submit_solution.js
> git ls-files --stage -- /home/tsubase/vsProjects/webflow_library/dev/pages/challenges/team_profile/submit_solution.js
> git status -z -u
> git symbolic-ref --short HEAD
> git for-each-ref --format=%(refname)%00%(upstream:short)%00%(upstream:track)%00%(objectname) refs/heads/master refs/remotes/master
> git for-each-ref --sort -committerdate --format %(refname) %(objectname) %(*objectname)
> git remote --verbose
> git config --get commit.template
> git show --textconv :dev/pages/events/register.js
> git ls-files --stage -- /home/tsubase/vsProjects/webflow_library/dev/pages/events/register.js
> git cat-file -s 479aee6cdf4cec5c0a9f0286de618d2532104cd8
> git show --textconv :dev/pages/challenges/team_profile/submit_solution.js
> git ls-files --stage -- /home/tsubase/vsProjects/webflow_library/dev/pages/challenges/team_profile/submit_solution.js
> git show --textconv :dev/pages/challenges/team_profile/navigation.js
> git ls-files --stage -- /home/tsubase/vsProjects/webflow_library/dev/pages/challenges/team_profile/navigation.js
> git cat-file -s 36c0b7400ed954348db54cdd041453e0ec66dd53
> git status -z -u
> git symbolic-ref --short HEAD
> git for-each-ref --format=%(refname)%00%(upstream:short)%00%(upstream:track)%00%(objectname) refs/heads/master refs/remotes/master
> git for-each-ref --sort -committerdate --format %(refname) %(objectname) %(*objectname)
> git remote --verbose
> git config --get commit.template
> git status -z -u
> git symbolic-ref --short HEAD
> git for-each-ref --format=%(refname)%00%(upstream:short)%00%(upstream:track)%00%(objectname) refs/heads/master refs/remotes/master
> git for-each-ref --sort -committerdate --format %(refname) %(objectname) %(*objectname)
> git remote --verbose
> git config --get commit.template
> git status -z -u
> git symbolic-ref --short HEAD
> git for-each-ref --format=%(refname)%00%(upstream:short)%00%(upstream:track)%00%(objectname) refs/heads/master refs/remotes/master
> git for-each-ref --sort -committerdate --format %(refname) %(objectname) %(*objectname)
> git remote --verbose
> git config --get commit.template
> git show --textconv :dev/pages/challenges/team_profile/submit_solution.js
> git ls-files --stage -- /home/tsubase/vsProjects/webflow_library/dev/pages/challenges/team_profile/submit_solution.js
> git status -z -u
> git symbolic-ref --short HEAD
> git for-each-ref --format=%(refname)%00%(upstream:short)%00%(upstream:track)%00%(objectname) refs/heads/master refs/remotes/master
> git for-each-ref --sort -committerdate --format %(refname) %(objectname) %(*objectname)
> git remote --verbose
> git config --get commit.template
> git status -z -u
> git symbolic-ref --short HEAD
> git for-each-ref --format=%(refname)%00%(upstream:short)%00%(upstream:track)%00%(objectname) refs/heads/master refs/remotes/master
> git for-each-ref --sort -committerdate --format %(refname) %(objectname) %(*objectname)
> git remote --verbose
> git config --get commit.template
> git show --textconv :dev/pages/challenges/team_profile/navigation.js
> git ls-files --stage -- /home/tsubase/vsProjects/webflow_library/dev/pages/challenges/team_profile/navigation.js
> git cat-file -s 36c0b7400ed954348db54cdd041453e0ec66dd53
> git status -z -u
> git symbolic-ref --short HEAD
> git for-each-ref --format=%(refname)%00%(upstream:short)%00%(upstream:track)%00%(objectname) refs/heads/master refs/remotes/master
> git for-each-ref --sort -committerdate --format %(refname) %(objectname) %(*objectname)
> git remote --verbose
> git config --get commit.template
> git status -z -u
> git symbolic-ref --short HEAD
> git for-each-ref --format=%(refname)%00%(upstream:short)%00%(upstream:track)%00%(objectname) refs/heads/master refs/remotes/master
> git for-each-ref --sort -committerdate --format %(refname) %(objectname) %(*objectname)
> git remote --verbose
> git config --get commit.template
> git show --textconv :dev/pages/challenges/team_profile/submit_solution.js
> git ls-files --stage -- /home/tsubase/vsProjects/webflow_library/dev/pages/challenges/team_profile/submit_solution.js
> git show --textconv :dev/pages/challenges/team_profile/navigation.js
> git ls-files --stage -- /home/tsubase/vsProjects/webflow_library/dev/pages/challenges/team_profile/navigation.js
> git cat-file -s 36c0b7400ed954348db54cdd041453e0ec66dd53
> git status -z -u
> git symbolic-ref --short HEAD
> git for-each-ref --format=%(refname)%00%(upstream:short)%00%(upstream:track)%00%(objectname) refs/heads/master refs/remotes/master
> git for-each-ref --sort -committerdate --format %(refname) %(objectname) %(*objectname)
> git remote --verbose
> git config --get commit.template
> git show --textconv :dev/pages/challenges/team_profile/submit_solution.js
> git ls-files --stage -- /home/tsubase/vsProjects/webflow_library/dev/pages/challenges/team_profile/submit_solution.js
> git show --textconv :dev/pages/challenges/team_profile/navigation.js
> git ls-files --stage -- /home/tsubase/vsProjects/webflow_library/dev/pages/challenges/team_profile/navigation.js
> git cat-file -s 36c0b7400ed954348db54cdd041453e0ec66dd53
> git show --textconv :dev/pages/challenges/team_profile/submit_solution.js
> git ls-files --stage -- /home/tsubase/vsProjects/webflow_library/dev/pages/challenges/team_profile/submit_solution.js
> git status -z -u
> git symbolic-ref --short HEAD
> git for-each-ref --format=%(refname)%00%(upstream:short)%00%(upstream:track)%00%(objectname) refs/heads/master refs/remotes/master
> git for-each-ref --sort -committerdate --format %(refname) %(objectname) %(*objectname)
> git remote --verbose
> git config --get commit.template
> git show --textconv :dev/pages/challenges/team_profile/navigation.js
> git ls-files --stage -- /home/tsubase/vsProjects/webflow_library/dev/pages/challenges/team_profile/navigation.js
> git cat-file -s 36c0b7400ed954348db54cdd041453e0ec66dd53
> git status -z -u
> git symbolic-ref --short HEAD
> git for-each-ref --format=%(refname)%00%(upstream:short)%00%(upstream:track)%00%(objectname) refs/heads/master refs/remotes/master
> git for-each-ref --sort -committerdate --format %(refname) %(objectname) %(*objectname)
> git remote --verbose
> git config --get commit.template
> git ls-files --stage -- /home/tsubase/vsProjects/webflow_library/dev/pages/challenges/team_profile/navigation.js
> git cat-file -s c299b2c884c597b42a3cfbe6018fc5b4033b96b0
> git show --textconv :dev/pages/challenges/team_profile/navigation.js
> git status -z -u
> git symbolic-ref --short HEAD
> git for-each-ref --format=%(refname)%00%(upstream:short)%00%(upstream:track)%00%(objectname) refs/heads/master refs/remotes/master
> git for-each-ref --sort -committerdate --format %(refname) %(objectname) %(*objectname)
> git remote --verbose
> git config --get commit.template
> git status -z -u
> git symbolic-ref --short HEAD
> git for-each-ref --format=%(refname)%00%(upstream:short)%00%(upstream:track)%00%(objectname) refs/heads/master refs/remotes/master
> git for-each-ref --sort -committerdate --format %(refname) %(objectname) %(*objectname)
> git remote --verbose
> git config --get commit.template
> git ls-files --stage -- /home/tsubase/vsProjects/webflow_library/dev/pages/challenges/team_profile/navigation.js
> git cat-file -s c299b2c884c597b42a3cfbe6018fc5b4033b96b0
> git show --textconv :dev/pages/challenges/team_profile/navigation.js
> git status -z -u
> git symbolic-ref --short HEAD
> git for-each-ref --format=%(refname)%00%(upstream:short)%00%(upstream:track)%00%(objectname) refs/heads/master refs/remotes/master
> git for-each-ref --sort -committerdate --format %(refname) %(objectname) %(*objectname)
> git remote --verbose
> git config --get commit.template
> git show --textconv :dev/pages/challenges/team_profile/index.js
> git ls-files --stage -- /home/tsubase/vsProjects/webflow_library/dev/pages/challenges/team_profile/index.js
> git cat-file -s 450d030aa6432c8230a732fabdf7597da929e062
> git status -z -u
> git symbolic-ref --short HEAD
> git for-each-ref --format=%(refname)%00%(upstream:short)%00%(upstream:track)%00%(objectname) refs/heads/master refs/remotes/master
> git for-each-ref --sort -committerdate --format %(refname) %(objectname) %(*objectname)
> git remote --verbose
> git config --get commit.template
> git status -z -u
> git symbolic-ref --short HEAD
> git for-each-ref --format=%(refname)%00%(upstream:short)%00%(upstream:track)%00%(objectname) refs/heads/master refs/remotes/master
> git for-each-ref --sort -committerdate --format %(refname) %(objectname) %(*objectname)
> git remote --verbose
> git config --get commit.template
> git ls-files --stage -- /home/tsubase/vsProjects/webflow_library/dev/pages/challenges/team_profile/index.js
> git cat-file -s ddea3388a96782ddb11922444e3549838dbdfdfe
> git show --textconv :dev/pages/challenges/team_profile/index.js
> git status -z -u
> git symbolic-ref --short HEAD
> git for-each-ref --format=%(refname)%00%(upstream:short)%00%(upstream:track)%00%(objectname) refs/heads/master refs/remotes/master
> git for-each-ref --sort -committerdate --format %(refname) %(objectname) %(*objectname)
> git remote --verbose
> git config --get commit.template
> git status -z -u
> git symbolic-ref --short HEAD
> git for-each-ref --format=%(refname)%00%(upstream:short)%00%(upstream:track)%00%(objectname) refs/heads/master refs/remotes/master
> git for-each-ref --sort -committerdate --format %(refname) %(objectname) %(*objectname)
> git remote --verbose
> git config --get commit.template
> git status -z -u
> git symbolic-ref --short HEAD
> git for-each-ref --format=%(refname)%00%(upstream:short)%00%(upstream:track)%00%(objectname) refs/heads/master refs/remotes/master
> git for-each-ref --sort -committerdate --format %(refname) %(objectname) %(*objectname)
> git remote --verbose
> git config --get commit.template
> git ls-files --stage -- /home/tsubase/vsProjects/webflow_library/dev/pages/challenges/team_profile/index.js
> git cat-file -s ddea3388a96782ddb11922444e3549838dbdfdfe
> git show --textconv :dev/pages/challenges/team_profile/index.js
> git status -z -u
> git symbolic-ref --short HEAD
> git for-each-ref --format=%(refname)%00%(upstream:short)%00%(upstream:track)%00%(objectname) refs/heads/master refs/remotes/master
> git for-each-ref --sort -committerdate --format %(refname) %(objectname) %(*objectname)
> git remote --verbose
> git config --get commit.template
> git ls-files --stage -- /home/tsubase/vsProjects/webflow_library/dev/pages/challenges/team_profile/index.js
> git cat-file -s ddea3388a96782ddb11922444e3549838dbdfdfe
> git show --textconv :dev/pages/challenges/team_profile/index.js
> git status -z -u
> git symbolic-ref --short HEAD
> git for-each-ref --format=%(refname)%00%(upstream:short)%00%(upstream:track)%00%(objectname) refs/heads/master refs/remotes/master
> git for-each-ref --sort -committerdate --format %(refname) %(objectname) %(*objectname)
> git remote --verbose
> git config --get commit.template
